#
# There is insufficient memory for the Java Runtime Environment to continue.
# Native memory allocation (malloc) failed to allocate 362704 bytes for Chunk::new
# Possible reasons:
#   The system is out of physical RAM or swap space
#   The process is running with CompressedOops enabled, and the Java Heap may be blocking the growth of the native heap
# Possible solutions:
#   Reduce memory load on the system
#   Increase physical memory or swap space
#   Check if swap backing store is full
#   Decrease Java heap size (-Xmx/-Xms)
#   Decrease number of Java threads
#   Decrease Java thread stack sizes (-Xss)
#   Set larger code cache with -XX:ReservedCodeCacheSize=
#   JVM is running with Unscaled Compressed Oops mode in which the Java heap is
#     placed in the first 4GB address space. The Java Heap base address is the
#     maximum limit for the native heap growth. Please use -XX:HeapBaseMinAddress
#     to set the Java Heap base and to place the Java Heap above 4GB virtual address.
# This output file may be truncated or incomplete.
#
#  Out of Memory Error (allocation.cpp:389), pid=7196, tid=0x0000000000002bc4
#
# JRE version: Java(TM) SE Runtime Environment (8.0_251-b08) (build 1.8.0_251-b08)
# Java VM: Java HotSpot(TM) 64-Bit Server VM (25.251-b08 mixed mode windows-amd64 compressed oops)
# Failed to write core dump. Minidumps are not enabled by default on client versions of Windows
#

---------------  T H R E A D  ---------------

Current thread (0x00000000153f1000):  JavaThread "C2 CompilerThread0" daemon [_thread_in_native, id=11204, stack(0x0000000016a90000,0x0000000016b90000)]

Stack: [0x0000000016a90000,0x0000000016b90000]
[error occurred during error reporting (printing stack bounds), id 0xc0000005]

Native frames: (J=compiled Java code, j=interpreted, Vv=VM code, C=native code)


Current CompileTask:
C2:  14832 3529   !   4       java.net.URL::<init> (543 bytes)


---------------  P R O C E S S  ---------------

Java Threads: ( => current thread )
  0x000000001b8f3800 JavaThread "HikariPool-1 connection adder" daemon [_thread_blocked, id=7280, stack(0x000000001dd00000,0x000000001de00000)]
  0x00000000170fe800 JavaThread "HikariPool-1 housekeeper" daemon [_thread_blocked, id=14404, stack(0x000000001c3b0000,0x000000001c4b0000)]
  0x000000001b207800 JavaThread "mysql-cj-abandoned-connection-cleanup" daemon [_thread_blocked, id=14844, stack(0x00000000192d0000,0x00000000193d0000)]
  0x0000000016f26000 JavaThread "surefire-forkedjvm-ping-30s" daemon [_thread_blocked, id=11680, stack(0x0000000017600000,0x0000000017700000)]
  0x0000000016e96800 JavaThread "surefire-forkedjvm-command-thread" daemon [_thread_in_native, id=13856, stack(0x0000000017500000,0x0000000017600000)]
  0x0000000016db8800 JavaThread "Service Thread" daemon [_thread_blocked, id=9588, stack(0x0000000017190000,0x0000000017290000)]
  0x000000001544b000 JavaThread "C1 CompilerThread2" daemon [_thread_blocked, id=972, stack(0x0000000016c90000,0x0000000016d90000)]
  0x00000000153f5800 JavaThread "C2 CompilerThread1" daemon [_thread_blocked, id=14768, stack(0x0000000016b90000,0x0000000016c90000)]
=>0x00000000153f1000 JavaThread "C2 CompilerThread0" daemon [_thread_in_native, id=11204, stack(0x0000000016a90000,0x0000000016b90000)]
  0x00000000153ef800 JavaThread "Attach Listener" daemon [_thread_blocked, id=13712, stack(0x0000000016990000,0x0000000016a90000)]
  0x0000000002d9e000 JavaThread "Signal Dispatcher" daemon [_thread_blocked, id=2064, stack(0x0000000016890000,0x0000000016990000)]
  0x0000000002d95000 JavaThread "Finalizer" daemon [_thread_blocked, id=3256, stack(0x0000000016660000,0x0000000016760000)]
  0x00000000153da000 JavaThread "Reference Handler" daemon [_thread_blocked, id=13104, stack(0x0000000016560000,0x0000000016660000)]
  0x0000000002ca2800 JavaThread "main" [_thread_in_native, id=16648, stack(0x0000000002a40000,0x0000000002b40000)]

Other Threads:
  0x00000000153b8000 VMThread [stack: 0x0000000016460000,0x0000000016560000] [id=12076]
  0x0000000016dbb800 WatcherThread [stack: 0x0000000017400000,0x0000000017500000] [id=17744]

VM state:not at safepoint (normal execution)

VM Mutex/Monitor currently owned by a thread: None

heap address: 0x00000000c0e00000, size: 1010 MB, Compressed Oops mode: 32-bit
Narrow klass base: 0x0000000000000000, Narrow klass shift: 3
Compressed class space size: 1073741824 Address: 0x0000000100000000

Heap:
 PSYoungGen      total 172544K, used 33815K [0x00000000eaf80000, 0x00000000f7400000, 0x0000000100000000)
  eden space 162816K, 20% used [0x00000000eaf80000,0x00000000ed085e98,0x00000000f4e80000)
  from space 9728K, 0% used [0x00000000f5880000,0x00000000f5880000,0x00000000f6200000)
  to   space 10240K, 0% used [0x00000000f4e80000,0x00000000f4e80000,0x00000000f5880000)
 ParOldGen       total 47104K, used 15337K [0x00000000c0e00000, 0x00000000c3c00000, 0x00000000eaf80000)
  object space 47104K, 32% used [0x00000000c0e00000,0x00000000c1cfa648,0x00000000c3c00000)
 Metaspace       used 37505K, capacity 38892K, committed 39088K, reserved 1083392K
  class space    used 4924K, capacity 5204K, committed 5296K, reserved 1048576K

Card table byte_map: [0x0000000012160000,0x0000000012360000] byte_map_base: 0x0000000011b59000

Marking Bits: (ParMarkBitMap*) 0x000000006417af90
 Begin Bits: [0x00000000128c0000, 0x0000000013888000)
 End Bits:   [0x0000000013888000, 0x0000000014850000)

Polling page: 0x00000000012b0000

CodeCache: size=245760Kb used=12184Kb max_used=12184Kb free=233575Kb
 bounds [0x0000000002da0000, 0x00000000039a0000, 0x0000000011da0000]
 total_blobs=3786 nmethods=3339 adapters=359
 compilation: enabled

Compilation events (10 events):
Event: 14.748 Thread 0x00000000153f5800 nmethod 3538 0x0000000003976b10 code [0x0000000003976c60, 0x0000000003976e78]
Event: 14.750 Thread 0x000000001544b000 nmethod 3535 0x0000000003983e50 code [0x0000000003984660, 0x00000000039894d8]
Event: 14.750 Thread 0x000000001544b000 3534       3       sun.misc.ProxyGenerator$ProxyMethod::access$1900 (6 bytes)
Event: 14.750 Thread 0x000000001544b000 nmethod 3534 0x0000000003979050 code [0x00000000039791c0, 0x0000000003979328]
Event: 14.750 Thread 0x000000001544b000 3536       3       sun.misc.ProxyGenerator::access$1800 (7 bytes)
Event: 14.750 Thread 0x000000001544b000 nmethod 3536 0x0000000003978c90 code [0x0000000003978e00, 0x0000000003978f68]
Event: 14.751 Thread 0x000000001544b000 3537       3       sun.misc.ProxyGenerator$FieldInfo::write (50 bytes)
Event: 14.752 Thread 0x000000001544b000 nmethod 3537 0x000000000398d190 code [0x000000000398d420, 0x000000000398e598]
Event: 14.792 Thread 0x000000001544b000 3539   !   3       java.lang.Class::newInstance (155 bytes)
Event: 14.794 Thread 0x000000001544b000 nmethod 3539 0x000000000398ed90 code [0x000000000398f0a0, 0x0000000003990578]

GC Heap History (10 events):
Event: 5.653 GC heap before
{Heap before GC invocations=8 (full 1):
 PSYoungGen      total 71168K, used 3007K [0x00000000eaf80000, 0x00000000f3a80000, 0x0000000100000000)
  eden space 64512K, 0% used [0x00000000eaf80000,0x00000000eaf80000,0x00000000eee80000)
  from space 6656K, 45% used [0x00000000eee80000,0x00000000ef16fe00,0x00000000ef500000)
  to   space 6656K, 0% used [0x00000000f3400000,0x00000000f3400000,0x00000000f3a80000)
 ParOldGen       total 44032K, used 9074K [0x00000000c0e00000, 0x00000000c3900000, 0x00000000eaf80000)
  object space 44032K, 20% used [0x00000000c0e00000,0x00000000c16dcb48,0x00000000c3900000)
 Metaspace       used 20668K, capacity 21224K, committed 21296K, reserved 1067008K
  class space    used 2668K, capacity 2838K, committed 2864K, reserved 1048576K
Event: 5.719 GC heap after
Heap after GC invocations=8 (full 1):
 PSYoungGen      total 71168K, used 0K [0x00000000eaf80000, 0x00000000f3a80000, 0x0000000100000000)
  eden space 64512K, 0% used [0x00000000eaf80000,0x00000000eaf80000,0x00000000eee80000)
  from space 6656K, 0% used [0x00000000eee80000,0x00000000eee80000,0x00000000ef500000)
  to   space 6656K, 0% used [0x00000000f3400000,0x00000000f3400000,0x00000000f3a80000)
 ParOldGen       total 28672K, used 5653K [0x00000000c0e00000, 0x00000000c2a00000, 0x00000000eaf80000)
  object space 28672K, 19% used [0x00000000c0e00000,0x00000000c1385488,0x00000000c2a00000)
 Metaspace       used 20668K, capacity 21224K, committed 21296K, reserved 1067008K
  class space    used 2668K, capacity 2838K, committed 2864K, reserved 1048576K
}
Event: 7.900 GC heap before
{Heap before GC invocations=9 (full 1):
 PSYoungGen      total 71168K, used 64482K [0x00000000eaf80000, 0x00000000f3a80000, 0x0000000100000000)
  eden space 64512K, 99% used [0x00000000eaf80000,0x00000000eee78bd0,0x00000000eee80000)
  from space 6656K, 0% used [0x00000000eee80000,0x00000000eee80000,0x00000000ef500000)
  to   space 6656K, 0% used [0x00000000f3400000,0x00000000f3400000,0x00000000f3a80000)
 ParOldGen       total 28672K, used 5653K [0x00000000c0e00000, 0x00000000c2a00000, 0x00000000eaf80000)
  object space 28672K, 19% used [0x00000000c0e00000,0x00000000c1385488,0x00000000c2a00000)
 Metaspace       used 26139K, capacity 26966K, committed 27184K, reserved 1073152K
  class space    used 3360K, capacity 3535K, committed 3632K, reserved 1048576K
Event: 7.923 GC heap after
Heap after GC invocations=9 (full 1):
 PSYoungGen      total 119808K, used 6632K [0x00000000eaf80000, 0x00000000f3a80000, 0x0000000100000000)
  eden space 113152K, 0% used [0x00000000eaf80000,0x00000000eaf80000,0x00000000f1e00000)
  from space 6656K, 99% used [0x00000000f3400000,0x00000000f3a7a108,0x00000000f3a80000)
  to   space 7680K, 0% used [0x00000000f2b80000,0x00000000f2b80000,0x00000000f3300000)
 ParOldGen       total 28672K, used 5813K [0x00000000c0e00000, 0x00000000c2a00000, 0x00000000eaf80000)
  object space 28672K, 20% used [0x00000000c0e00000,0x00000000c13ad7c0,0x00000000c2a00000)
 Metaspace       used 26139K, capacity 26966K, committed 27184K, reserved 1073152K
  class space    used 3360K, capacity 3535K, committed 3632K, reserved 1048576K
}
Event: 11.712 GC heap before
{Heap before GC invocations=10 (full 1):
 PSYoungGen      total 119808K, used 119784K [0x00000000eaf80000, 0x00000000f3a80000, 0x0000000100000000)
  eden space 113152K, 100% used [0x00000000eaf80000,0x00000000f1e00000,0x00000000f1e00000)
  from space 6656K, 99% used [0x00000000f3400000,0x00000000f3a7a108,0x00000000f3a80000)
  to   space 7680K, 0% used [0x00000000f2b80000,0x00000000f2b80000,0x00000000f3300000)
 ParOldGen       total 28672K, used 5813K [0x00000000c0e00000, 0x00000000c2a00000, 0x00000000eaf80000)
  object space 28672K, 20% used [0x00000000c0e00000,0x00000000c13ad7c0,0x00000000c2a00000)
 Metaspace       used 30910K, capacity 32112K, committed 32304K, reserved 1077248K
  class space    used 4020K, capacity 4280K, committed 4400K, reserved 1048576K
Event: 11.797 GC heap after
Heap after GC invocations=10 (full 1):
 PSYoungGen      total 134656K, used 7649K [0x00000000eaf80000, 0x00000000f6200000, 0x0000000100000000)
  eden space 126976K, 0% used [0x00000000eaf80000,0x00000000eaf80000,0x00000000f2b80000)
  from space 7680K, 99% used [0x00000000f2b80000,0x00000000f32f8758,0x00000000f3300000)
  to   space 9728K, 0% used [0x00000000f5880000,0x00000000f5880000,0x00000000f6200000)
 ParOldGen       total 28672K, used 8802K [0x00000000c0e00000, 0x00000000c2a00000, 0x00000000eaf80000)
  object space 28672K, 30% used [0x00000000c0e00000,0x00000000c16989b0,0x00000000c2a00000)
 Metaspace       used 30910K, capacity 32112K, committed 32304K, reserved 1077248K
  class space    used 4020K, capacity 4280K, committed 4400K, reserved 1048576K
}
Event: 13.452 GC heap before
{Heap before GC invocations=11 (full 1):
 PSYoungGen      total 134656K, used 36499K [0x00000000eaf80000, 0x00000000f6200000, 0x0000000100000000)
  eden space 126976K, 22% used [0x00000000eaf80000,0x00000000ecbac528,0x00000000f2b80000)
  from space 7680K, 99% used [0x00000000f2b80000,0x00000000f32f8758,0x00000000f3300000)
  to   space 9728K, 0% used [0x00000000f5880000,0x00000000f5880000,0x00000000f6200000)
 ParOldGen       total 28672K, used 8802K [0x00000000c0e00000, 0x00000000c2a00000, 0x00000000eaf80000)
  object space 28672K, 30% used [0x00000000c0e00000,0x00000000c16989b0,0x00000000c2a00000)
 Metaspace       used 34108K, capacity 35368K, committed 35496K, reserved 1081344K
  class space    used 4363K, capacity 4614K, committed 4656K, reserved 1048576K
Event: 13.473 GC heap after
Heap after GC invocations=11 (full 1):
 PSYoungGen      total 172544K, used 8082K [0x00000000eaf80000, 0x00000000f7400000, 0x0000000100000000)
  eden space 162816K, 0% used [0x00000000eaf80000,0x00000000eaf80000,0x00000000f4e80000)
  from space 9728K, 83% used [0x00000000f5880000,0x00000000f6064ab0,0x00000000f6200000)
  to   space 10240K, 0% used [0x00000000f4e80000,0x00000000f4e80000,0x00000000f5880000)
 ParOldGen       total 28672K, used 11351K [0x00000000c0e00000, 0x00000000c2a00000, 0x00000000eaf80000)
  object space 28672K, 39% used [0x00000000c0e00000,0x00000000c1915f58,0x00000000c2a00000)
 Metaspace       used 34108K, capacity 35368K, committed 35496K, reserved 1081344K
  class space    used 4363K, capacity 4614K, committed 4656K, reserved 1048576K
}
Event: 13.473 GC heap before
{Heap before GC invocations=12 (full 2):
 PSYoungGen      total 172544K, used 8082K [0x00000000eaf80000, 0x00000000f7400000, 0x0000000100000000)
  eden space 162816K, 0% used [0x00000000eaf80000,0x00000000eaf80000,0x00000000f4e80000)
  from space 9728K, 83% used [0x00000000f5880000,0x00000000f6064ab0,0x00000000f6200000)
  to   space 10240K, 0% used [0x00000000f4e80000,0x00000000f4e80000,0x00000000f5880000)
 ParOldGen       total 28672K, used 11351K [0x00000000c0e00000, 0x00000000c2a00000, 0x00000000eaf80000)
  object space 28672K, 39% used [0x00000000c0e00000,0x00000000c1915f58,0x00000000c2a00000)
 Metaspace       used 34108K, capacity 35368K, committed 35496K, reserved 1081344K
  class space    used 4363K, capacity 4614K, committed 4656K, reserved 1048576K
Event: 13.620 GC heap after
Heap after GC invocations=12 (full 2):
 PSYoungGen      total 172544K, used 0K [0x00000000eaf80000, 0x00000000f7400000, 0x0000000100000000)
  eden space 162816K, 0% used [0x00000000eaf80000,0x00000000eaf80000,0x00000000f4e80000)
  from space 9728K, 0% used [0x00000000f5880000,0x00000000f5880000,0x00000000f6200000)
  to   space 10240K, 0% used [0x00000000f4e80000,0x00000000f4e80000,0x00000000f5880000)
 ParOldGen       total 47104K, used 15337K [0x00000000c0e00000, 0x00000000c3c00000, 0x00000000eaf80000)
  object space 47104K, 32% used [0x00000000c0e00000,0x00000000c1cfa648,0x00000000c3c00000)
 Metaspace       used 34108K, capacity 35368K, committed 35496K, reserved 1081344K
  class space    used 4363K, capacity 4614K, committed 4656K, reserved 1048576K
}

Deoptimization events (10 events):
Event: 14.629 Thread 0x0000000002ca2800 Uncommon trap: reason=class_check action=maybe_recompile pc=0x000000000364aa54 method=java.util.AbstractList$Itr.hasNext()Z @ 8
Event: 14.629 Thread 0x0000000002ca2800 Uncommon trap: reason=class_check action=maybe_recompile pc=0x00000000038c4f84 method=java.util.AbstractList$Itr.next()Ljava/lang/Object; @ 14
Event: 14.629 Thread 0x0000000002ca2800 Uncommon trap: reason=class_check action=maybe_recompile pc=0x000000000364aa54 method=java.util.AbstractList$Itr.hasNext()Z @ 8
Event: 14.629 Thread 0x0000000002ca2800 Uncommon trap: reason=class_check action=maybe_recompile pc=0x00000000038c4f84 method=java.util.AbstractList$Itr.next()Ljava/lang/Object; @ 14
Event: 14.629 Thread 0x0000000002ca2800 Uncommon trap: reason=class_check action=maybe_recompile pc=0x000000000364aa54 method=java.util.AbstractList$Itr.hasNext()Z @ 8
Event: 14.629 Thread 0x0000000002ca2800 Uncommon trap: reason=class_check action=maybe_recompile pc=0x00000000038c4f84 method=java.util.AbstractList$Itr.next()Ljava/lang/Object; @ 14
Event: 14.694 Thread 0x0000000002ca2800 Uncommon trap: reason=bimorphic action=maybe_recompile pc=0x0000000003977878 method=java.util.AbstractList$Itr.next()Ljava/lang/Object; @ 14
Event: 14.703 Thread 0x0000000002ca2800 Uncommon trap: reason=bimorphic action=maybe_recompile pc=0x0000000003977878 method=java.util.AbstractList$Itr.next()Ljava/lang/Object; @ 14
Event: 14.730 Thread 0x0000000002ca2800 Uncommon trap: reason=bimorphic action=maybe_recompile pc=0x0000000003977878 method=java.util.AbstractList$Itr.next()Ljava/lang/Object; @ 14
Event: 14.751 Thread 0x0000000002ca2800 Uncommon trap: reason=bimorphic action=maybe_recompile pc=0x0000000003977878 method=java.util.AbstractList$Itr.next()Ljava/lang/Object; @ 14

Classes redefined (0 events):
No events

Internal exceptions (10 events):
Event: 13.767 Thread 0x0000000002ca2800 Exception <a 'java/lang/ClassNotFoundException': org/springframework/beans/factory/BeanClassLoaderAwareCustomizer> (0x00000000eb4e50a0) thrown at [C:\jenkins\workspace\8-2-build-windows-amd64-cygwin\jdk8u251\737\hotspot\src\share\vm\classfile\systemDictio
Event: 13.769 Thread 0x0000000002ca2800 Exception <a 'java/lang/ClassNotFoundException': org/springframework/beans/factory/AwareCustomizer> (0x00000000eb4fb850) thrown at [C:\jenkins\workspace\8-2-build-windows-amd64-cygwin\jdk8u251\737\hotspot\src\share\vm\classfile\systemDictionary.cpp, line 
Event: 13.770 Thread 0x0000000002ca2800 Exception <a 'java/lang/ClassNotFoundException': org/springframework/beans/factory/BeanFactoryAwareCustomizer> (0x00000000eb513cd0) thrown at [C:\jenkins\workspace\8-2-build-windows-amd64-cygwin\jdk8u251\737\hotspot\src\share\vm\classfile\systemDictionary
Event: 13.773 Thread 0x0000000002ca2800 Exception <a 'java/lang/ClassNotFoundException': org/springframework/beans/factory/AwareCustomizer> (0x00000000eb52a9e0) thrown at [C:\jenkins\workspace\8-2-build-windows-amd64-cygwin\jdk8u251\737\hotspot\src\share\vm\classfile\systemDictionary.cpp, line 
Event: 13.774 Thread 0x0000000002ca2800 Exception <a 'java/lang/ClassNotFoundException': org/springframework/beans/factory/BeanNameAwareCustomizer> (0x00000000eb541ec0) thrown at [C:\jenkins\workspace\8-2-build-windows-amd64-cygwin\jdk8u251\737\hotspot\src\share\vm\classfile\systemDictionary.cp
Event: 13.776 Thread 0x0000000002ca2800 Exception <a 'java/lang/ClassNotFoundException': org/springframework/beans/factory/AwareCustomizer> (0x00000000eb5585a0) thrown at [C:\jenkins\workspace\8-2-build-windows-amd64-cygwin\jdk8u251\737\hotspot\src\share\vm\classfile\systemDictionary.cpp, line 
Event: 13.778 Thread 0x0000000002ca2800 Exception <a 'java/lang/ClassNotFoundException': org/springframework/beans/factory/InitializingBeanCustomizer> (0x00000000eb570a18) thrown at [C:\jenkins\workspace\8-2-build-windows-amd64-cygwin\jdk8u251\737\hotspot\src\share\vm\classfile\systemDictionary
Event: 13.781 Thread 0x0000000002ca2800 Exception <a 'java/lang/ClassNotFoundException': org/springframework/beans/factory/DisposableBeanCustomizer> (0x00000000eb5888a0) thrown at [C:\jenkins\workspace\8-2-build-windows-amd64-cygwin\jdk8u251\737\hotspot\src\share\vm\classfile\systemDictionary.c
Event: 13.785 Thread 0x0000000002ca2800 Exception <a 'java/lang/ClassNotFoundException': org/springframework/orm/jpa/EntityManagerFactoryInfoCustomizer> (0x00000000eb5a1fd0) thrown at [C:\jenkins\workspace\8-2-build-windows-amd64-cygwin\jdk8u251\737\hotspot\src\share\vm\classfile\systemDictiona
Event: 13.786 Thread 0x0000000002ca2800 Exception <a 'java/lang/ClassNotFoundException': org/springframework/dao/support/PersistenceExceptionTranslatorCustomizer> (0x00000000eb5ca520) thrown at [C:\jenkins\workspace\8-2-build-windows-amd64-cygwin\jdk8u251\737\hotspot\src\share\vm\classfile\syst

Events (10 events):
Event: 14.823 loading class org/hibernate/boot/spi/MetadataBuilderImplementor
Event: 14.823 loading class org/hibernate/boot/spi/MetadataBuilderImplementor done
Event: 14.824 loading class org/hibernate/internal/CoreMessageLogger_$logger_fr_FR
Event: 14.824 loading class org/hibernate/internal/CoreMessageLogger_$logger_fr_FR done
Event: 14.826 loading class org/hibernate/internal/CoreMessageLogger_$logger_fr
Event: 14.826 loading class org/hibernate/internal/CoreMessageLogger_$logger_fr done
Event: 14.827 loading class org/hibernate/boot/spi/XmlMappingBinderAccess
Event: 14.827 loading class org/hibernate/boot/spi/XmlMappingBinderAccess done
Event: 14.828 loading class org/hibernate/boot/jaxb/internal/MappingBinder
Event: 14.828 loading class org/hibernate/boot/jaxb/internal/MappingBinder done


Dynamic libraries:
0x00007ff69c4a0000 - 0x00007ff69c4d7000 	C:\Program Files\Java\jdk1.8.0_251\jre\bin\java.exe
0x00007ffb81750000 - 0x00007ffb81945000 	C:\WINDOWS\SYSTEM32\ntdll.dll
0x00007ffb804a0000 - 0x00007ffb8055e000 	C:\WINDOWS\System32\KERNEL32.DLL
0x00007ffb7ef30000 - 0x00007ffb7f1f9000 	C:\WINDOWS\System32\KERNELBASE.dll
0x00007ffb80d60000 - 0x00007ffb80e0c000 	C:\WINDOWS\System32\ADVAPI32.dll
0x00007ffb805d0000 - 0x00007ffb8066e000 	C:\WINDOWS\System32\msvcrt.dll
0x00007ffb80280000 - 0x00007ffb8031b000 	C:\WINDOWS\System32\sechost.dll
0x00007ffb7f7a0000 - 0x00007ffb7f8ca000 	C:\WINDOWS\System32\RPCRT4.dll
0x00007ffb81560000 - 0x00007ffb81701000 	C:\WINDOWS\System32\USER32.dll
0x00007ffb7f250000 - 0x00007ffb7f272000 	C:\WINDOWS\System32\win32u.dll
0x00007ffb809d0000 - 0x00007ffb809fb000 	C:\WINDOWS\System32\GDI32.dll
0x00007ffb7f5e0000 - 0x00007ffb7f6eb000 	C:\WINDOWS\System32\gdi32full.dll
0x00007ffb7f540000 - 0x00007ffb7f5dd000 	C:\WINDOWS\System32\msvcp_win.dll
0x00007ffb7f3e0000 - 0x00007ffb7f4e0000 	C:\WINDOWS\System32\ucrtbase.dll
0x00007ffb70150000 - 0x00007ffb703ea000 	C:\WINDOWS\WinSxS\amd64_microsoft.windows.common-controls_6595b64144ccf1df_6.0.19041.1110_none_60b5254171f9507e\COMCTL32.dll
0x00007ffb7f930000 - 0x00007ffb7f960000 	C:\WINDOWS\System32\IMM32.DLL
0x0000000064200000 - 0x00000000642d2000 	C:\Program Files\Java\jdk1.8.0_251\jre\bin\msvcr100.dll
0x0000000063950000 - 0x00000000641fb000 	C:\Program Files\Java\jdk1.8.0_251\jre\bin\server\jvm.dll
0x00007ffb80270000 - 0x00007ffb80278000 	C:\WINDOWS\System32\PSAPI.DLL
0x00007ffb65100000 - 0x00007ffb65109000 	C:\WINDOWS\SYSTEM32\WSOCK32.dll
0x00007ffb7ff70000 - 0x00007ffb7ffdb000 	C:\WINDOWS\System32\WS2_32.dll
0x00007ffb72280000 - 0x00007ffb722a7000 	C:\WINDOWS\SYSTEM32\WINMM.dll
0x00007ffb723b0000 - 0x00007ffb723ba000 	C:\WINDOWS\SYSTEM32\VERSION.dll
0x00007ffb65070000 - 0x00007ffb6507f000 	C:\Program Files\Java\jdk1.8.0_251\jre\bin\verify.dll
0x00007ffb65040000 - 0x00007ffb65069000 	C:\Program Files\Java\jdk1.8.0_251\jre\bin\java.dll
0x00007ffb65020000 - 0x00007ffb65036000 	C:\Program Files\Java\jdk1.8.0_251\jre\bin\zip.dll
0x00007ffb80e10000 - 0x00007ffb8154f000 	C:\WINDOWS\System32\SHELL32.dll
0x00007ffb7cf30000 - 0x00007ffb7d6c0000 	C:\WINDOWS\SYSTEM32\windows.storage.dll
0x00007ffb80a00000 - 0x00007ffb80d55000 	C:\WINDOWS\System32\combase.dll
0x00007ffb7e7e0000 - 0x00007ffb7e80c000 	C:\WINDOWS\SYSTEM32\Wldp.dll
0x00007ffb803f0000 - 0x00007ffb8049d000 	C:\WINDOWS\System32\SHCORE.dll
0x00007ffb80740000 - 0x00007ffb80795000 	C:\WINDOWS\System32\shlwapi.dll
0x00007ffb7edb0000 - 0x00007ffb7edcf000 	C:\WINDOWS\SYSTEM32\profapi.dll
0x00007ffb634d0000 - 0x00007ffb634dd000 	C:\Program Files\Java\jdk1.8.0_251\jre\bin\management.dll
0x00007ffb63690000 - 0x00007ffb636aa000 	C:\Program Files\Java\jdk1.8.0_251\jre\bin\net.dll
0x00007ffb7e5c0000 - 0x00007ffb7e62a000 	C:\WINDOWS\system32\mswsock.dll
0x00007ffb634a0000 - 0x00007ffb634b2000 	C:\Program Files\Java\jdk1.8.0_251\jre\bin\nio.dll
0x00007ffb4e2b0000 - 0x00007ffb4e2c7000 	C:\WINDOWS\system32\napinsp.dll
0x00007ffb4e290000 - 0x00007ffb4e2ab000 	C:\WINDOWS\system32\pnrpnsp.dll
0x00007ffb5b630000 - 0x00007ffb5b645000 	C:\WINDOWS\system32\wshbth.dll
0x00007ffb79740000 - 0x00007ffb7975d000 	C:\WINDOWS\system32\NLAapi.dll
0x00007ffb7e280000 - 0x00007ffb7e2bb000 	C:\WINDOWS\SYSTEM32\IPHLPAPI.DLL
0x00007ffb7e2c0000 - 0x00007ffb7e38c000 	C:\WINDOWS\SYSTEM32\DNSAPI.dll
0x00007ffb81550000 - 0x00007ffb81558000 	C:\WINDOWS\System32\NSI.dll
0x00007ffb4ae70000 - 0x00007ffb4ae82000 	C:\WINDOWS\System32\winrnr.dll
0x00007ffb6f360000 - 0x00007ffb6f36a000 	C:\Windows\System32\rasadhlp.dll
0x00007ffb6f720000 - 0x00007ffb6f79f000 	C:\WINDOWS\System32\fwpuclnt.dll
0x00007ffb7ef00000 - 0x00007ffb7ef27000 	C:\WINDOWS\System32\bcrypt.dll

VM Arguments:
java_command: C:\Users\BAZINFO\AppData\Local\Temp\surefire4192150404777687276\surefirebooter4919462937081559119.jar C:\Users\BAZINFO\AppData\Local\Temp\surefire4192150404777687276 2021-11-08T19-40-08_164-jvmRun1 surefire7159260719112428735tmp surefire_05226417883792249208tmp
java_class_path (initial): C:\Users\BAZINFO\AppData\Local\Temp\surefire4192150404777687276\surefirebooter4919462937081559119.jar
Launcher Type: SUN_STANDARD

Environment Variables:
JAVA_HOME=C:\Program Files\Java\jdk1.8.0_251
PATH=C:\Program Files\Common Files\Oracle\Java\javapath;C:\Program Files (x86)\Common Files\Oracle\Java\javapath;C:\WINDOWS\system32;C:\WINDOWS;C:\WINDOWS\System32\Wbem;C:\WINDOWS\System32\WindowsPowerShell\v1.0\;C:\WINDOWS\System32\OpenSSH\;C:\Program Files\Git\cmd;C:\Program Files (x86)\Microsoft SQL Server\110\DTS\Binn\;C:\Program Files (x86)\Microsoft SQL Server\110\Tools\Binn\;C:\Program Files (x86)\Microsoft SQL Server\110\Tools\Binn\ManagementStudio\;C:\Program Files (x86)\Microsoft Visual Studio 10.0\Common7\IDE\PrivateAssemblies\;%JAVA_HOME%\bin;%MAVEN_HOME%\bin;C:\ProgramData\ComposerSetup\bin;C:\ProgramData\Microsoft\Windows\Start Menu\Programs\XAMPP;C:\Program Files\JetBrains\PhpStorm 2021.2.2;C:\wamp64\bin\php\php7.4.9;C:\Users\BAZINFO\Desktop\devops\apache-maven-3.8.1\bin;C:\Products\sonarqube-6.7.7\bin;C:\Program Files\Docker\Docker\resources\bin;C:\ProgramData\DockerDesktop\version-bin;C:\Users\BAZINFO\AppData\Local\Microsoft\WindowsApps;C:\Users\BAZINFO\AppData\Local\Programs\Microsoft VS Code\bin;C:\Users\BAZINFO\AppData\Roaming\Composer\vendor\bin;C:\Users\BAZINFO\AppData\Local\GitHubDesktop\bin
USERNAME=BAZINFO
OS=Windows_NT
PROCESSOR_IDENTIFIER=Intel64 Family 6 Model 69 Stepping 1, GenuineIntel



---------------  S Y S T E M  ---------------

OS: Windows 10.0 , 64 bit Build 19041 (10.0.19041.1202)

CPU:total 4 (initial active 4) (2 cores per cpu, 2 threads per core) family 6 model 69 stepping 1, cmov, cx8, fxsr, mmx, sse, sse2, sse3, ssse3, sse4.1, sse4.2, popcnt, avx, avx2, aes, clmul, erms, lzcnt, ht, tsc, tscinvbit, bmi1, bmi2

Memory: 4k page, physical 4129068k(229568k free), swap 16711980k(3092k free)

vm_info: Java HotSpot(TM) 64-Bit Server VM (25.251-b08) for windows-amd64 JRE (1.8.0_251-b08), built on Mar 12 2020 06:31:49 by "" with MS VC++ 10.0 (VS2010)

time: Mon Nov 08 19:40:24 2021
timezone: Paris, Madrid
elapsed time: 14 seconds (0d 0h 0m 14s)

