2021-11-08 12:17:04.745  INFO 17608 --- [main] tn.esprit.spring.test.DepartmentTest     : Starting DepartmentTest on DESKTOP-4ILPERP with PID 17608 (started by BAZINFO in C:\Users\BAZINFO\Desktop\TimesheetProject)
2021-11-08 12:17:04.753  INFO 17608 --- [main] tn.esprit.spring.test.DepartmentTest     : No active profile set, falling back to default profiles: default
2021-11-08 12:17:07.046  INFO 17608 --- [main] .s.d.r.c.RepositoryConfigurationDelegate : Bootstrapping Spring Data repositories in DEFAULT mode.
2021-11-08 12:17:07.305  INFO 17608 --- [main] .s.d.r.c.RepositoryConfigurationDelegate : Finished Spring Data repository scanning in 243ms. Found 6 repository interfaces.
2021-11-08 12:17:08.222  INFO 17608 --- [main] trationDelegate$BeanPostProcessorChecker : Bean 'org.springframework.transaction.annotation.ProxyTransactionManagementConfiguration' of type [org.springframework.transaction.annotation.ProxyTransactionManagementConfiguration$$EnhancerBySpringCGLIB$$fb1382d9] is not eligible for getting processed by all BeanPostProcessors (for example: not eligible for auto-proxying)
2021-11-08 12:17:08.977  INFO 17608 --- [main] com.zaxxer.hikari.HikariDataSource       : HikariPool-1 - Starting...
2021-11-08 12:17:09.647  INFO 17608 --- [main] com.zaxxer.hikari.HikariDataSource       : HikariPool-1 - Start completed.
2021-11-08 12:17:09.833  INFO 17608 --- [main] o.hibernate.jpa.internal.util.LogHelper  : HHH000204: Processing PersistenceUnitInfo [
	name: default
	...]
2021-11-08 12:17:10.029  INFO 17608 --- [main] org.hibernate.Version                    : HHH000412: Hibernate Core {5.3.9.Final}
2021-11-08 12:17:10.034  INFO 17608 --- [main] org.hibernate.cfg.Environment            : HHH000206: hibernate.properties not found
2021-11-08 12:17:10.462  INFO 17608 --- [main] o.hibernate.annotations.common.Version   : HCANN000001: Hibernate Commons Annotations {5.0.4.Final}
2021-11-08 12:17:11.451  INFO 17608 --- [main] org.hibernate.dialect.Dialect            : HHH000400: Using dialect: org.hibernate.dialect.MySQL5Dialect
2021-11-08 12:17:14.913  INFO 17608 --- [main] j.LocalContainerEntityManagerFactoryBean : Initialized JPA EntityManagerFactory for persistence unit 'default'
2021-11-08 12:17:15.857  INFO 17608 --- [main] o.h.h.i.QueryTranslatorFactoryInitiator  : HHH000397: Using ASTQueryTranslatorFactory
2021-11-08 12:17:18.322  INFO 17608 --- [main] o.s.s.concurrent.ThreadPoolTaskExecutor  : Initializing ExecutorService 'applicationTaskExecutor'
2021-11-08 12:17:18.887  WARN 17608 --- [main] aWebConfiguration$JpaWebMvcConfiguration : spring.jpa.open-in-view is enabled by default. Therefore, database queries may be performed during view rendering. Explicitly configure spring.jpa.open-in-view to disable this warning
2021-11-08 12:17:19.881  INFO 17608 --- [main] tn.esprit.spring.test.DepartmentTest     : Started DepartmentTest in 16.054 seconds (JVM running for 18.417)
2021-11-08 12:17:20.489  INFO 17608 --- [main] tn.esprit.spring.test.DepartmentTest     : success 
2021-11-08 12:17:20.790  INFO 17608 --- [Thread-2] o.s.s.concurrent.ThreadPoolTaskExecutor  : Shutting down ExecutorService 'applicationTaskExecutor'
2021-11-08 12:17:20.798  INFO 17608 --- [Thread-2] j.LocalContainerEntityManagerFactoryBean : Closing JPA EntityManagerFactory for persistence unit 'default'
2021-11-08 12:17:20.806  INFO 17608 --- [Thread-2] com.zaxxer.hikari.HikariDataSource       : HikariPool-1 - Shutdown initiated...
2021-11-08 12:17:20.828  INFO 17608 --- [Thread-2] com.zaxxer.hikari.HikariDataSource       : HikariPool-1 - Shutdown completed.
2021-11-08 16:07:43.242  INFO 1868 --- [main] tn.esprit.spring.test.DepartmentTest     : Starting DepartmentTest on DESKTOP-4ILPERP with PID 1868 (started by BAZINFO in C:\Users\BAZINFO\Desktop\TimesheetProject)
2021-11-08 16:07:43.246  INFO 1868 --- [main] tn.esprit.spring.test.DepartmentTest     : No active profile set, falling back to default profiles: default
2021-11-08 16:07:46.760  INFO 1868 --- [main] .s.d.r.c.RepositoryConfigurationDelegate : Bootstrapping Spring Data repositories in DEFAULT mode.
2021-11-08 16:07:47.467  INFO 1868 --- [main] .s.d.r.c.RepositoryConfigurationDelegate : Finished Spring Data repository scanning in 453ms. Found 6 repository interfaces.
2021-11-08 16:07:49.318  INFO 1868 --- [main] trationDelegate$BeanPostProcessorChecker : Bean 'org.springframework.transaction.annotation.ProxyTransactionManagementConfiguration' of type [org.springframework.transaction.annotation.ProxyTransactionManagementConfiguration$$EnhancerBySpringCGLIB$$5dcf691e] is not eligible for getting processed by all BeanPostProcessors (for example: not eligible for auto-proxying)
2021-11-08 16:07:50.289  INFO 1868 --- [main] com.zaxxer.hikari.HikariDataSource       : HikariPool-1 - Starting...
2021-11-08 16:07:50.980  INFO 1868 --- [main] com.zaxxer.hikari.HikariDataSource       : HikariPool-1 - Start completed.
2021-11-08 16:07:51.145  INFO 1868 --- [main] o.hibernate.jpa.internal.util.LogHelper  : HHH000204: Processing PersistenceUnitInfo [
	name: default
	...]
2021-11-08 16:07:51.368  INFO 1868 --- [main] org.hibernate.Version                    : HHH000412: Hibernate Core {5.3.9.Final}
2021-11-08 16:07:51.371  INFO 1868 --- [main] org.hibernate.cfg.Environment            : HHH000206: hibernate.properties not found
2021-11-08 16:07:51.905  INFO 1868 --- [main] o.hibernate.annotations.common.Version   : HCANN000001: Hibernate Commons Annotations {5.0.4.Final}
2021-11-08 16:07:52.995  INFO 1868 --- [main] org.hibernate.dialect.Dialect            : HHH000400: Using dialect: org.hibernate.dialect.MySQL5Dialect
2021-11-08 16:07:55.807  INFO 1868 --- [main] j.LocalContainerEntityManagerFactoryBean : Initialized JPA EntityManagerFactory for persistence unit 'default'
2021-11-08 16:07:58.985  INFO 1868 --- [main] o.h.h.i.QueryTranslatorFactoryInitiator  : HHH000397: Using ASTQueryTranslatorFactory
2021-11-08 16:08:03.405  INFO 1868 --- [main] o.s.s.concurrent.ThreadPoolTaskExecutor  : Initializing ExecutorService 'applicationTaskExecutor'
2021-11-08 16:08:04.848  WARN 1868 --- [main] aWebConfiguration$JpaWebMvcConfiguration : spring.jpa.open-in-view is enabled by default. Therefore, database queries may be performed during view rendering. Explicitly configure spring.jpa.open-in-view to disable this warning
2021-11-08 16:08:06.534  INFO 1868 --- [main] tn.esprit.spring.test.DepartmentTest     : Started DepartmentTest in 24.46 seconds (JVM running for 27.309)
2021-11-08 16:08:07.445  INFO 1868 --- [main] tn.esprit.spring.test.DepartmentTest     : success 
2021-11-08 16:08:08.241  INFO 1868 --- [Thread-2] o.s.s.concurrent.ThreadPoolTaskExecutor  : Shutting down ExecutorService 'applicationTaskExecutor'
2021-11-08 16:08:08.256  INFO 1868 --- [Thread-2] j.LocalContainerEntityManagerFactoryBean : Closing JPA EntityManagerFactory for persistence unit 'default'
2021-11-08 16:08:08.265  INFO 1868 --- [Thread-2] com.zaxxer.hikari.HikariDataSource       : HikariPool-1 - Shutdown initiated...
2021-11-08 16:08:08.289  INFO 1868 --- [Thread-2] com.zaxxer.hikari.HikariDataSource       : HikariPool-1 - Shutdown completed.
2021-11-08 16:09:58.318  INFO 1124 --- [main] tn.esprit.spring.test.DepartmentTest     : Starting DepartmentTest on DESKTOP-4ILPERP with PID 1124 (started by BAZINFO in C:\Users\BAZINFO\Desktop\TimesheetProject)
2021-11-08 16:09:58.323  INFO 1124 --- [main] tn.esprit.spring.test.DepartmentTest     : No active profile set, falling back to default profiles: default
2021-11-08 16:10:01.731  INFO 1124 --- [main] .s.d.r.c.RepositoryConfigurationDelegate : Bootstrapping Spring Data repositories in DEFAULT mode.
2021-11-08 16:10:02.122  INFO 1124 --- [main] .s.d.r.c.RepositoryConfigurationDelegate : Finished Spring Data repository scanning in 356ms. Found 6 repository interfaces.
2021-11-08 16:10:03.376  INFO 1124 --- [main] trationDelegate$BeanPostProcessorChecker : Bean 'org.springframework.transaction.annotation.ProxyTransactionManagementConfiguration' of type [org.springframework.transaction.annotation.ProxyTransactionManagementConfiguration$$EnhancerBySpringCGLIB$$edc6e4ff] is not eligible for getting processed by all BeanPostProcessors (for example: not eligible for auto-proxying)
2021-11-08 16:10:03.987  INFO 1124 --- [main] com.zaxxer.hikari.HikariDataSource       : HikariPool-1 - Starting...
2021-11-08 16:10:04.639  INFO 1124 --- [main] com.zaxxer.hikari.HikariDataSource       : HikariPool-1 - Start completed.
2021-11-08 16:10:04.847  INFO 1124 --- [main] o.hibernate.jpa.internal.util.LogHelper  : HHH000204: Processing PersistenceUnitInfo [
	name: default
	...]
2021-11-08 16:10:05.069  INFO 1124 --- [main] org.hibernate.Version                    : HHH000412: Hibernate Core {5.3.9.Final}
2021-11-08 16:10:05.072  INFO 1124 --- [main] org.hibernate.cfg.Environment            : HHH000206: hibernate.properties not found
2021-11-08 16:10:05.524  INFO 1124 --- [main] o.hibernate.annotations.common.Version   : HCANN000001: Hibernate Commons Annotations {5.0.4.Final}
2021-11-08 16:10:06.458  INFO 1124 --- [main] org.hibernate.dialect.Dialect            : HHH000400: Using dialect: org.hibernate.dialect.MySQL5Dialect
2021-11-08 16:10:10.057  INFO 1124 --- [main] j.LocalContainerEntityManagerFactoryBean : Initialized JPA EntityManagerFactory for persistence unit 'default'
2021-11-08 16:10:11.151  INFO 1124 --- [main] o.h.h.i.QueryTranslatorFactoryInitiator  : HHH000397: Using ASTQueryTranslatorFactory
2021-11-08 16:10:15.485  INFO 1124 --- [main] o.s.s.concurrent.ThreadPoolTaskExecutor  : Initializing ExecutorService 'applicationTaskExecutor'
2021-11-08 16:10:16.481  WARN 1124 --- [main] aWebConfiguration$JpaWebMvcConfiguration : spring.jpa.open-in-view is enabled by default. Therefore, database queries may be performed during view rendering. Explicitly configure spring.jpa.open-in-view to disable this warning
2021-11-08 16:10:17.827  INFO 1124 --- [main] tn.esprit.spring.test.DepartmentTest     : Started DepartmentTest in 20.612 seconds (JVM running for 23.374)
2021-11-08 16:10:18.471  INFO 1124 --- [main] tn.esprit.spring.test.DepartmentTest     : success 
2021-11-08 16:10:19.147  INFO 1124 --- [Thread-2] o.s.s.concurrent.ThreadPoolTaskExecutor  : Shutting down ExecutorService 'applicationTaskExecutor'
2021-11-08 16:10:19.170  INFO 1124 --- [Thread-2] j.LocalContainerEntityManagerFactoryBean : Closing JPA EntityManagerFactory for persistence unit 'default'
2021-11-08 16:10:19.177  INFO 1124 --- [Thread-2] com.zaxxer.hikari.HikariDataSource       : HikariPool-1 - Shutdown initiated...
2021-11-08 16:10:19.361  INFO 1124 --- [Thread-2] com.zaxxer.hikari.HikariDataSource       : HikariPool-1 - Shutdown completed.
2021-11-08 16:11:38.775  INFO 16400 --- [main] tn.esprit.spring.test.DepartmentTest     : Starting DepartmentTest on DESKTOP-4ILPERP with PID 16400 (started by BAZINFO in C:\Users\BAZINFO\Desktop\TimesheetProject)
2021-11-08 16:11:38.779  INFO 16400 --- [main] tn.esprit.spring.test.DepartmentTest     : No active profile set, falling back to default profiles: default
2021-11-08 16:11:41.504  INFO 16400 --- [main] .s.d.r.c.RepositoryConfigurationDelegate : Bootstrapping Spring Data repositories in DEFAULT mode.
2021-11-08 16:11:41.717  INFO 16400 --- [main] .s.d.r.c.RepositoryConfigurationDelegate : Finished Spring Data repository scanning in 190ms. Found 6 repository interfaces.
2021-11-08 16:11:42.810  INFO 16400 --- [main] trationDelegate$BeanPostProcessorChecker : Bean 'org.springframework.transaction.annotation.ProxyTransactionManagementConfiguration' of type [org.springframework.transaction.annotation.ProxyTransactionManagementConfiguration$$EnhancerBySpringCGLIB$$d2593a5] is not eligible for getting processed by all BeanPostProcessors (for example: not eligible for auto-proxying)
2021-11-08 16:11:43.496  INFO 16400 --- [main] com.zaxxer.hikari.HikariDataSource       : HikariPool-1 - Starting...
2021-11-08 16:11:44.084  INFO 16400 --- [main] com.zaxxer.hikari.HikariDataSource       : HikariPool-1 - Start completed.
2021-11-08 16:11:44.269  INFO 16400 --- [main] o.hibernate.jpa.internal.util.LogHelper  : HHH000204: Processing PersistenceUnitInfo [
	name: default
	...]
2021-11-08 16:11:44.424  INFO 16400 --- [main] org.hibernate.Version                    : HHH000412: Hibernate Core {5.3.9.Final}
2021-11-08 16:11:44.427  INFO 16400 --- [main] org.hibernate.cfg.Environment            : HHH000206: hibernate.properties not found
2021-11-08 16:11:44.806  INFO 16400 --- [main] o.hibernate.annotations.common.Version   : HCANN000001: Hibernate Commons Annotations {5.0.4.Final}
2021-11-08 16:11:45.656  INFO 16400 --- [main] org.hibernate.dialect.Dialect            : HHH000400: Using dialect: org.hibernate.dialect.MySQL5Dialect
2021-11-08 16:11:48.184  INFO 16400 --- [main] j.LocalContainerEntityManagerFactoryBean : Initialized JPA EntityManagerFactory for persistence unit 'default'
2021-11-08 16:11:49.099  INFO 16400 --- [main] o.h.h.i.QueryTranslatorFactoryInitiator  : HHH000397: Using ASTQueryTranslatorFactory
2021-11-08 16:11:52.785  INFO 16400 --- [main] o.s.s.concurrent.ThreadPoolTaskExecutor  : Initializing ExecutorService 'applicationTaskExecutor'
2021-11-08 16:11:53.366  WARN 16400 --- [main] aWebConfiguration$JpaWebMvcConfiguration : spring.jpa.open-in-view is enabled by default. Therefore, database queries may be performed during view rendering. Explicitly configure spring.jpa.open-in-view to disable this warning
2021-11-08 16:11:55.115  INFO 16400 --- [main] tn.esprit.spring.test.DepartmentTest     : Started DepartmentTest in 17.227 seconds (JVM running for 19.837)
2021-11-08 16:11:56.823  INFO 16400 --- [main] tn.esprit.spring.test.DepartmentTest     : success 
2021-11-08 16:11:57.361  INFO 16400 --- [Thread-2] o.s.s.concurrent.ThreadPoolTaskExecutor  : Shutting down ExecutorService 'applicationTaskExecutor'
2021-11-08 16:11:57.367  INFO 16400 --- [Thread-2] j.LocalContainerEntityManagerFactoryBean : Closing JPA EntityManagerFactory for persistence unit 'default'
2021-11-08 16:11:57.375  INFO 16400 --- [Thread-2] com.zaxxer.hikari.HikariDataSource       : HikariPool-1 - Shutdown initiated...
2021-11-08 16:11:57.397  INFO 16400 --- [Thread-2] com.zaxxer.hikari.HikariDataSource       : HikariPool-1 - Shutdown completed.
2021-11-08 17:05:34.803  INFO 15872 --- [main] tn.esprit.spring.test.DepartmentTest     : Starting DepartmentTest on DESKTOP-4ILPERP with PID 15872 (started by BAZINFO in C:\Users\BAZINFO\Desktop\TimesheetProject)
2021-11-08 17:05:34.841  INFO 15872 --- [main] tn.esprit.spring.test.DepartmentTest     : No active profile set, falling back to default profiles: default
2021-11-08 17:05:38.496  INFO 15872 --- [main] .s.d.r.c.RepositoryConfigurationDelegate : Bootstrapping Spring Data repositories in DEFAULT mode.
2021-11-08 17:05:38.834  INFO 15872 --- [main] .s.d.r.c.RepositoryConfigurationDelegate : Finished Spring Data repository scanning in 305ms. Found 6 repository interfaces.
2021-11-08 17:05:40.092  INFO 15872 --- [main] trationDelegate$BeanPostProcessorChecker : Bean 'org.springframework.transaction.annotation.ProxyTransactionManagementConfiguration' of type [org.springframework.transaction.annotation.ProxyTransactionManagementConfiguration$$EnhancerBySpringCGLIB$$b1ff86f5] is not eligible for getting processed by all BeanPostProcessors (for example: not eligible for auto-proxying)
2021-11-08 17:05:40.964  INFO 15872 --- [main] com.zaxxer.hikari.HikariDataSource       : HikariPool-1 - Starting...
2021-11-08 17:05:41.559  INFO 15872 --- [main] com.zaxxer.hikari.HikariDataSource       : HikariPool-1 - Start completed.
2021-11-08 17:05:41.831  INFO 15872 --- [main] o.hibernate.jpa.internal.util.LogHelper  : HHH000204: Processing PersistenceUnitInfo [
	name: default
	...]
2021-11-08 17:05:42.079  INFO 15872 --- [main] org.hibernate.Version                    : HHH000412: Hibernate Core {5.3.9.Final}
2021-11-08 17:05:42.084  INFO 15872 --- [main] org.hibernate.cfg.Environment            : HHH000206: hibernate.properties not found
2021-11-08 17:05:42.539  INFO 15872 --- [main] o.hibernate.annotations.common.Version   : HCANN000001: Hibernate Commons Annotations {5.0.4.Final}
2021-11-08 17:05:43.689  INFO 15872 --- [main] org.hibernate.dialect.Dialect            : HHH000400: Using dialect: org.hibernate.dialect.MySQL5Dialect
2021-11-08 17:05:47.433  INFO 15872 --- [main] j.LocalContainerEntityManagerFactoryBean : Initialized JPA EntityManagerFactory for persistence unit 'default'
2021-11-08 17:05:48.925  INFO 15872 --- [main] o.h.h.i.QueryTranslatorFactoryInitiator  : HHH000397: Using ASTQueryTranslatorFactory
2021-11-08 17:05:52.842  INFO 15872 --- [main] o.s.s.concurrent.ThreadPoolTaskExecutor  : Initializing ExecutorService 'applicationTaskExecutor'
2021-11-08 17:05:53.389  WARN 15872 --- [main] aWebConfiguration$JpaWebMvcConfiguration : spring.jpa.open-in-view is enabled by default. Therefore, database queries may be performed during view rendering. Explicitly configure spring.jpa.open-in-view to disable this warning
2021-11-08 17:05:54.970  INFO 15872 --- [main] tn.esprit.spring.test.DepartmentTest     : Started DepartmentTest in 21.225 seconds (JVM running for 23.902)
2021-11-08 17:05:55.612  INFO 15872 --- [main] tn.esprit.spring.test.DepartmentTest     : success 
2021-11-08 17:05:56.660  INFO 15872 --- [Thread-2] o.s.s.concurrent.ThreadPoolTaskExecutor  : Shutting down ExecutorService 'applicationTaskExecutor'
2021-11-08 17:05:56.673  INFO 15872 --- [Thread-2] j.LocalContainerEntityManagerFactoryBean : Closing JPA EntityManagerFactory for persistence unit 'default'
2021-11-08 17:05:56.683  INFO 15872 --- [Thread-2] com.zaxxer.hikari.HikariDataSource       : HikariPool-1 - Shutdown initiated...
2021-11-08 17:05:56.700  INFO 15872 --- [Thread-2] com.zaxxer.hikari.HikariDataSource       : HikariPool-1 - Shutdown completed.
2021-11-08 19:25:26.326  INFO 1400 --- [main] tn.esprit.spring.test.DepartmentTest     : Starting DepartmentTest on DESKTOP-4ILPERP with PID 1400 (started by BAZINFO in C:\Users\BAZINFO\Desktop\devops\TimesheetProject)
2021-11-08 19:25:26.331  INFO 1400 --- [main] tn.esprit.spring.test.DepartmentTest     : No active profile set, falling back to default profiles: default
2021-11-08 19:25:29.705  INFO 1400 --- [main] .s.d.r.c.RepositoryConfigurationDelegate : Bootstrapping Spring Data repositories in DEFAULT mode.
2021-11-08 19:25:29.996  INFO 1400 --- [main] .s.d.r.c.RepositoryConfigurationDelegate : Finished Spring Data repository scanning in 260ms. Found 6 repository interfaces.
2021-11-08 19:25:31.292  INFO 1400 --- [main] trationDelegate$BeanPostProcessorChecker : Bean 'org.springframework.transaction.annotation.ProxyTransactionManagementConfiguration' of type [org.springframework.transaction.annotation.ProxyTransactionManagementConfiguration$$EnhancerBySpringCGLIB$$a6313158] is not eligible for getting processed by all BeanPostProcessors (for example: not eligible for auto-proxying)
2021-11-08 19:25:32.031  INFO 1400 --- [main] com.zaxxer.hikari.HikariDataSource       : HikariPool-1 - Starting...
2021-11-08 19:25:32.768  INFO 1400 --- [main] com.zaxxer.hikari.HikariDataSource       : HikariPool-1 - Start completed.
2021-11-08 19:25:32.969  INFO 1400 --- [main] o.hibernate.jpa.internal.util.LogHelper  : HHH000204: Processing PersistenceUnitInfo [
	name: default
	...]
2021-11-08 19:25:33.226  INFO 1400 --- [main] org.hibernate.Version                    : HHH000412: Hibernate Core {5.3.9.Final}
2021-11-08 19:25:33.231  INFO 1400 --- [main] org.hibernate.cfg.Environment            : HHH000206: hibernate.properties not found
2021-11-08 19:25:33.700  INFO 1400 --- [main] o.hibernate.annotations.common.Version   : HCANN000001: Hibernate Commons Annotations {5.0.4.Final}
2021-11-08 19:25:34.581  INFO 1400 --- [main] org.hibernate.dialect.Dialect            : HHH000400: Using dialect: org.hibernate.dialect.MySQL5Dialect
2021-11-08 19:25:41.113  INFO 1400 --- [main] j.LocalContainerEntityManagerFactoryBean : Initialized JPA EntityManagerFactory for persistence unit 'default'
2021-11-08 19:25:42.333  INFO 1400 --- [main] o.h.h.i.QueryTranslatorFactoryInitiator  : HHH000397: Using ASTQueryTranslatorFactory
2021-11-08 19:25:47.566  INFO 1400 --- [main] o.s.s.concurrent.ThreadPoolTaskExecutor  : Initializing ExecutorService 'applicationTaskExecutor'
2021-11-08 19:25:48.205  WARN 1400 --- [main] aWebConfiguration$JpaWebMvcConfiguration : spring.jpa.open-in-view is enabled by default. Therefore, database queries may be performed during view rendering. Explicitly configure spring.jpa.open-in-view to disable this warning
2021-11-08 19:25:49.745  INFO 1400 --- [main] tn.esprit.spring.test.DepartmentTest     : Started DepartmentTest in 24.433 seconds (JVM running for 27.473)
2021-11-08 19:25:50.439  INFO 1400 --- [main] tn.esprit.spring.test.DepartmentTest     : success 
2021-11-08 19:25:51.035  INFO 1400 --- [Thread-2] o.s.s.concurrent.ThreadPoolTaskExecutor  : Shutting down ExecutorService 'applicationTaskExecutor'
2021-11-08 19:25:51.050  INFO 1400 --- [Thread-2] j.LocalContainerEntityManagerFactoryBean : Closing JPA EntityManagerFactory for persistence unit 'default'
2021-11-08 19:25:51.065  INFO 1400 --- [Thread-2] com.zaxxer.hikari.HikariDataSource       : HikariPool-1 - Shutdown initiated...
2021-11-08 19:25:51.085  INFO 1400 --- [Thread-2] com.zaxxer.hikari.HikariDataSource       : HikariPool-1 - Shutdown completed.
2021-11-08 19:26:59.023  INFO 12172 --- [main] tn.esprit.spring.test.DepartmentTest     : Starting DepartmentTest on DESKTOP-4ILPERP with PID 12172 (started by BAZINFO in C:\Users\BAZINFO\Desktop\devops\TimesheetProject)
2021-11-08 19:26:59.026  INFO 12172 --- [main] tn.esprit.spring.test.DepartmentTest     : No active profile set, falling back to default profiles: default
2021-11-08 19:27:02.438  INFO 12172 --- [main] .s.d.r.c.RepositoryConfigurationDelegate : Bootstrapping Spring Data repositories in DEFAULT mode.
2021-11-08 19:27:02.815  INFO 12172 --- [main] .s.d.r.c.RepositoryConfigurationDelegate : Finished Spring Data repository scanning in 322ms. Found 6 repository interfaces.
2021-11-08 19:27:04.474  INFO 12172 --- [main] trationDelegate$BeanPostProcessorChecker : Bean 'org.springframework.transaction.annotation.ProxyTransactionManagementConfiguration' of type [org.springframework.transaction.annotation.ProxyTransactionManagementConfiguration$$EnhancerBySpringCGLIB$$1ad6ecb7] is not eligible for getting processed by all BeanPostProcessors (for example: not eligible for auto-proxying)
2021-11-08 19:27:05.310  INFO 12172 --- [main] com.zaxxer.hikari.HikariDataSource       : HikariPool-1 - Starting...
2021-11-08 19:27:05.828  INFO 12172 --- [main] com.zaxxer.hikari.HikariDataSource       : HikariPool-1 - Start completed.
2021-11-08 19:27:06.008  INFO 12172 --- [main] o.hibernate.jpa.internal.util.LogHelper  : HHH000204: Processing PersistenceUnitInfo [
	name: default
	...]
2021-11-08 19:27:06.251  INFO 12172 --- [main] org.hibernate.Version                    : HHH000412: Hibernate Core {5.3.9.Final}
2021-11-08 19:27:06.255  INFO 12172 --- [main] org.hibernate.cfg.Environment            : HHH000206: hibernate.properties not found
2021-11-08 19:27:06.813  INFO 12172 --- [main] o.hibernate.annotations.common.Version   : HCANN000001: Hibernate Commons Annotations {5.0.4.Final}
2021-11-08 19:27:07.699  INFO 12172 --- [main] org.hibernate.dialect.Dialect            : HHH000400: Using dialect: org.hibernate.dialect.MySQL5Dialect
2021-11-08 19:27:11.202  INFO 12172 --- [main] j.LocalContainerEntityManagerFactoryBean : Initialized JPA EntityManagerFactory for persistence unit 'default'
2021-11-08 19:27:12.724  INFO 12172 --- [main] o.h.h.i.QueryTranslatorFactoryInitiator  : HHH000397: Using ASTQueryTranslatorFactory
2021-11-08 19:27:16.692  INFO 12172 --- [main] o.s.s.concurrent.ThreadPoolTaskExecutor  : Initializing ExecutorService 'applicationTaskExecutor'
2021-11-08 19:27:17.416  WARN 12172 --- [main] aWebConfiguration$JpaWebMvcConfiguration : spring.jpa.open-in-view is enabled by default. Therefore, database queries may be performed during view rendering. Explicitly configure spring.jpa.open-in-view to disable this warning
2021-11-08 19:27:19.328  INFO 12172 --- [main] tn.esprit.spring.test.DepartmentTest     : Started DepartmentTest in 21.412 seconds (JVM running for 24.046)
2021-11-08 19:27:20.080  INFO 12172 --- [main] tn.esprit.spring.test.DepartmentTest     : success 
2021-11-08 19:27:21.084  INFO 12172 --- [Thread-2] o.s.s.concurrent.ThreadPoolTaskExecutor  : Shutting down ExecutorService 'applicationTaskExecutor'
2021-11-08 19:27:21.092  INFO 12172 --- [Thread-2] j.LocalContainerEntityManagerFactoryBean : Closing JPA EntityManagerFactory for persistence unit 'default'
2021-11-08 19:27:21.103  INFO 12172 --- [Thread-2] com.zaxxer.hikari.HikariDataSource       : HikariPool-1 - Shutdown initiated...
2021-11-08 19:27:21.132  INFO 12172 --- [Thread-2] com.zaxxer.hikari.HikariDataSource       : HikariPool-1 - Shutdown completed.
2021-11-08 19:27:58.299  INFO 884 --- [main] tn.esprit.spring.test.DepartmentTest     : Starting DepartmentTest on DESKTOP-4ILPERP with PID 884 (started by BAZINFO in C:\Users\BAZINFO\Desktop\devops\TimesheetProject)
2021-11-08 19:27:58.305  INFO 884 --- [main] tn.esprit.spring.test.DepartmentTest     : No active profile set, falling back to default profiles: default
2021-11-08 19:28:01.056  INFO 884 --- [main] .s.d.r.c.RepositoryConfigurationDelegate : Bootstrapping Spring Data repositories in DEFAULT mode.
2021-11-08 19:28:01.272  INFO 884 --- [main] .s.d.r.c.RepositoryConfigurationDelegate : Finished Spring Data repository scanning in 195ms. Found 6 repository interfaces.
2021-11-08 19:28:02.418  INFO 884 --- [main] trationDelegate$BeanPostProcessorChecker : Bean 'org.springframework.transaction.annotation.ProxyTransactionManagementConfiguration' of type [org.springframework.transaction.annotation.ProxyTransactionManagementConfiguration$$EnhancerBySpringCGLIB$$32417f05] is not eligible for getting processed by all BeanPostProcessors (for example: not eligible for auto-proxying)
2021-11-08 19:28:03.062  INFO 884 --- [main] com.zaxxer.hikari.HikariDataSource       : HikariPool-1 - Starting...
2021-11-08 19:28:03.623  INFO 884 --- [main] com.zaxxer.hikari.HikariDataSource       : HikariPool-1 - Start completed.
2021-11-08 19:28:03.762  INFO 884 --- [main] o.hibernate.jpa.internal.util.LogHelper  : HHH000204: Processing PersistenceUnitInfo [
	name: default
	...]
2021-11-08 19:28:03.955  INFO 884 --- [main] org.hibernate.Version                    : HHH000412: Hibernate Core {5.3.9.Final}
2021-11-08 19:28:03.964  INFO 884 --- [main] org.hibernate.cfg.Environment            : HHH000206: hibernate.properties not found
2021-11-08 19:28:04.343  INFO 884 --- [main] o.hibernate.annotations.common.Version   : HCANN000001: Hibernate Commons Annotations {5.0.4.Final}
2021-11-08 19:28:05.230  INFO 884 --- [main] org.hibernate.dialect.Dialect            : HHH000400: Using dialect: org.hibernate.dialect.MySQL5Dialect
2021-11-08 19:28:08.245  INFO 884 --- [main] j.LocalContainerEntityManagerFactoryBean : Initialized JPA EntityManagerFactory for persistence unit 'default'
2021-11-08 19:28:09.250  INFO 884 --- [main] o.h.h.i.QueryTranslatorFactoryInitiator  : HHH000397: Using ASTQueryTranslatorFactory
2021-11-08 19:28:13.170  INFO 884 --- [main] o.s.s.concurrent.ThreadPoolTaskExecutor  : Initializing ExecutorService 'applicationTaskExecutor'
2021-11-08 19:28:13.784  WARN 884 --- [main] aWebConfiguration$JpaWebMvcConfiguration : spring.jpa.open-in-view is enabled by default. Therefore, database queries may be performed during view rendering. Explicitly configure spring.jpa.open-in-view to disable this warning
2021-11-08 19:28:15.435  INFO 884 --- [main] tn.esprit.spring.test.DepartmentTest     : Started DepartmentTest in 18.12 seconds (JVM running for 21.039)
2021-11-08 19:28:16.195  INFO 884 --- [main] tn.esprit.spring.test.DepartmentTest     : success 
2021-11-08 19:28:17.490  INFO 884 --- [Thread-2] o.s.s.concurrent.ThreadPoolTaskExecutor  : Shutting down ExecutorService 'applicationTaskExecutor'
2021-11-08 19:28:17.494  INFO 884 --- [Thread-2] j.LocalContainerEntityManagerFactoryBean : Closing JPA EntityManagerFactory for persistence unit 'default'
2021-11-08 19:28:17.500  INFO 884 --- [Thread-2] com.zaxxer.hikari.HikariDataSource       : HikariPool-1 - Shutdown initiated...
2021-11-08 19:28:17.528  INFO 884 --- [Thread-2] com.zaxxer.hikari.HikariDataSource       : HikariPool-1 - Shutdown completed.
2021-11-08 19:29:59.169  INFO 9792 --- [main] tn.esprit.spring.test.DepartmentTest     : Starting DepartmentTest on DESKTOP-4ILPERP with PID 9792 (started by BAZINFO in C:\Users\BAZINFO\Desktop\devops\TimesheetProject)
2021-11-08 19:29:59.172  INFO 9792 --- [main] tn.esprit.spring.test.DepartmentTest     : No active profile set, falling back to default profiles: default
2021-11-08 19:30:02.215  INFO 9792 --- [main] .s.d.r.c.RepositoryConfigurationDelegate : Bootstrapping Spring Data repositories in DEFAULT mode.
2021-11-08 19:30:02.522  INFO 9792 --- [main] .s.d.r.c.RepositoryConfigurationDelegate : Finished Spring Data repository scanning in 271ms. Found 6 repository interfaces.
2021-11-08 19:30:03.899  INFO 9792 --- [main] trationDelegate$BeanPostProcessorChecker : Bean 'org.springframework.transaction.annotation.ProxyTransactionManagementConfiguration' of type [org.springframework.transaction.annotation.ProxyTransactionManagementConfiguration$$EnhancerBySpringCGLIB$$1ad6ecb7] is not eligible for getting processed by all BeanPostProcessors (for example: not eligible for auto-proxying)
2021-11-08 19:30:04.837  INFO 9792 --- [main] com.zaxxer.hikari.HikariDataSource       : HikariPool-1 - Starting...
2021-11-08 19:30:05.538  INFO 9792 --- [main] com.zaxxer.hikari.HikariDataSource       : HikariPool-1 - Start completed.
2021-11-08 19:30:05.790  INFO 9792 --- [main] o.hibernate.jpa.internal.util.LogHelper  : HHH000204: Processing PersistenceUnitInfo [
	name: default
	...]
2021-11-08 19:30:06.071  INFO 9792 --- [main] org.hibernate.Version                    : HHH000412: Hibernate Core {5.3.9.Final}
2021-11-08 19:30:06.077  INFO 9792 --- [main] org.hibernate.cfg.Environment            : HHH000206: hibernate.properties not found
2021-11-08 19:30:06.716  INFO 9792 --- [main] o.hibernate.annotations.common.Version   : HCANN000001: Hibernate Commons Annotations {5.0.4.Final}
2021-11-08 19:30:07.761  INFO 9792 --- [main] org.hibernate.dialect.Dialect            : HHH000400: Using dialect: org.hibernate.dialect.MySQL5Dialect
2021-11-08 19:30:11.111  INFO 9792 --- [main] j.LocalContainerEntityManagerFactoryBean : Initialized JPA EntityManagerFactory for persistence unit 'default'
2021-11-08 19:30:12.274  INFO 9792 --- [main] o.h.h.i.QueryTranslatorFactoryInitiator  : HHH000397: Using ASTQueryTranslatorFactory
2021-11-08 19:30:16.321  INFO 9792 --- [main] o.s.s.concurrent.ThreadPoolTaskExecutor  : Initializing ExecutorService 'applicationTaskExecutor'
2021-11-08 19:30:17.102  WARN 9792 --- [main] aWebConfiguration$JpaWebMvcConfiguration : spring.jpa.open-in-view is enabled by default. Therefore, database queries may be performed during view rendering. Explicitly configure spring.jpa.open-in-view to disable this warning
2021-11-08 19:30:18.827  INFO 9792 --- [main] tn.esprit.spring.test.DepartmentTest     : Started DepartmentTest in 20.756 seconds (JVM running for 27.677)
2021-11-08 19:30:19.555  INFO 9792 --- [main] tn.esprit.spring.test.DepartmentTest     : success 
2021-11-08 19:30:20.244  INFO 9792 --- [Thread-2] o.s.s.concurrent.ThreadPoolTaskExecutor  : Shutting down ExecutorService 'applicationTaskExecutor'
2021-11-08 19:30:20.251  INFO 9792 --- [Thread-2] j.LocalContainerEntityManagerFactoryBean : Closing JPA EntityManagerFactory for persistence unit 'default'
2021-11-08 19:30:20.258  INFO 9792 --- [Thread-2] com.zaxxer.hikari.HikariDataSource       : HikariPool-1 - Shutdown initiated...
2021-11-08 19:30:20.275  INFO 9792 --- [Thread-2] com.zaxxer.hikari.HikariDataSource       : HikariPool-1 - Shutdown completed.
2021-11-08 19:38:17.075  INFO 17996 --- [main] tn.esprit.spring.test.DepartmentTest     : Starting DepartmentTest on DESKTOP-4ILPERP with PID 17996 (started by BAZINFO in C:\Users\BAZINFO\Desktop\devops\TimesheetProject)
2021-11-08 19:38:17.082  INFO 17996 --- [main] tn.esprit.spring.test.DepartmentTest     : No active profile set, falling back to default profiles: default
2021-11-08 19:38:20.920  INFO 17996 --- [main] .s.d.r.c.RepositoryConfigurationDelegate : Bootstrapping Spring Data repositories in DEFAULT mode.
2021-11-08 19:38:21.433  INFO 17996 --- [main] .s.d.r.c.RepositoryConfigurationDelegate : Finished Spring Data repository scanning in 476ms. Found 6 repository interfaces.
2021-11-08 19:38:23.038  INFO 17996 --- [main] trationDelegate$BeanPostProcessorChecker : Bean 'org.springframework.transaction.annotation.ProxyTransactionManagementConfiguration' of type [org.springframework.transaction.annotation.ProxyTransactionManagementConfiguration$$EnhancerBySpringCGLIB$$5dcf691e] is not eligible for getting processed by all BeanPostProcessors (for example: not eligible for auto-proxying)
2021-11-08 19:38:23.933  INFO 17996 --- [main] com.zaxxer.hikari.HikariDataSource       : HikariPool-1 - Starting...
2021-11-08 19:38:24.681  INFO 17996 --- [main] com.zaxxer.hikari.HikariDataSource       : HikariPool-1 - Start completed.
2021-11-08 19:38:24.920  INFO 17996 --- [main] o.hibernate.jpa.internal.util.LogHelper  : HHH000204: Processing PersistenceUnitInfo [
	name: default
	...]
2021-11-08 19:38:25.174  INFO 17996 --- [main] org.hibernate.Version                    : HHH000412: Hibernate Core {5.3.9.Final}
2021-11-08 19:38:25.179  INFO 17996 --- [main] org.hibernate.cfg.Environment            : HHH000206: hibernate.properties not found
2021-11-08 19:38:26.182  INFO 17996 --- [main] o.hibernate.annotations.common.Version   : HCANN000001: Hibernate Commons Annotations {5.0.4.Final}
2021-11-08 19:38:27.232  INFO 17996 --- [main] org.hibernate.dialect.Dialect            : HHH000400: Using dialect: org.hibernate.dialect.MySQL5Dialect
2021-11-08 19:38:32.578  INFO 17996 --- [main] j.LocalContainerEntityManagerFactoryBean : Initialized JPA EntityManagerFactory for persistence unit 'default'
2021-11-08 19:38:34.168  INFO 17996 --- [main] o.h.h.i.QueryTranslatorFactoryInitiator  : HHH000397: Using ASTQueryTranslatorFactory
2021-11-08 19:38:39.188  INFO 17996 --- [main] o.s.s.concurrent.ThreadPoolTaskExecutor  : Initializing ExecutorService 'applicationTaskExecutor'
2021-11-08 19:38:40.045  WARN 17996 --- [main] aWebConfiguration$JpaWebMvcConfiguration : spring.jpa.open-in-view is enabled by default. Therefore, database queries may be performed during view rendering. Explicitly configure spring.jpa.open-in-view to disable this warning
2021-11-08 19:38:42.213  INFO 17996 --- [main] tn.esprit.spring.test.DepartmentTest     : Started DepartmentTest in 26.151 seconds (JVM running for 28.961)
2021-11-08 19:38:43.636  INFO 17996 --- [main] tn.esprit.spring.test.DepartmentTest     : success 
2021-11-08 19:38:44.584  INFO 17996 --- [Thread-2] o.s.s.concurrent.ThreadPoolTaskExecutor  : Shutting down ExecutorService 'applicationTaskExecutor'
2021-11-08 19:38:44.590  INFO 17996 --- [Thread-2] j.LocalContainerEntityManagerFactoryBean : Closing JPA EntityManagerFactory for persistence unit 'default'
2021-11-08 19:38:44.604  INFO 17996 --- [Thread-2] com.zaxxer.hikari.HikariDataSource       : HikariPool-1 - Shutdown initiated...
2021-11-08 19:38:44.657  INFO 17996 --- [Thread-2] com.zaxxer.hikari.HikariDataSource       : HikariPool-1 - Shutdown completed.
2021-11-08 19:40:15.087  INFO 7196 --- [main] tn.esprit.spring.test.DepartmentTest     : Starting DepartmentTest on DESKTOP-4ILPERP with PID 7196 (started by BAZINFO in C:\Users\BAZINFO\Desktop\devops\TimesheetProject)
2021-11-08 19:40:15.091  INFO 7196 --- [main] tn.esprit.spring.test.DepartmentTest     : No active profile set, falling back to default profiles: default
2021-11-08 19:40:19.005  INFO 7196 --- [main] .s.d.r.c.RepositoryConfigurationDelegate : Bootstrapping Spring Data repositories in DEFAULT mode.
2021-11-08 19:40:19.466  INFO 7196 --- [main] .s.d.r.c.RepositoryConfigurationDelegate : Finished Spring Data repository scanning in 406ms. Found 6 repository interfaces.
2021-11-08 19:40:21.430  INFO 7196 --- [main] trationDelegate$BeanPostProcessorChecker : Bean 'org.springframework.transaction.annotation.ProxyTransactionManagementConfiguration' of type [org.springframework.transaction.annotation.ProxyTransactionManagementConfiguration$$EnhancerBySpringCGLIB$$a6313158] is not eligible for getting processed by all BeanPostProcessors (for example: not eligible for auto-proxying)
2021-11-08 19:40:22.989  INFO 7196 --- [main] com.zaxxer.hikari.HikariDataSource       : HikariPool-1 - Starting...
2021-11-08 19:40:23.706  INFO 7196 --- [main] com.zaxxer.hikari.HikariDataSource       : HikariPool-1 - Start completed.
2021-11-08 19:40:23.950  INFO 7196 --- [main] o.hibernate.jpa.internal.util.LogHelper  : HHH000204: Processing PersistenceUnitInfo [
	name: default
	...]
2021-11-08 19:40:24.259  INFO 7196 --- [main] org.hibernate.Version                    : HHH000412: Hibernate Core {5.3.9.Final}
2021-11-08 19:40:24.264  INFO 7196 --- [main] org.hibernate.cfg.Environment            : HHH000206: hibernate.properties not found
2021-11-08 19:43:16.390  INFO 6060 --- [main] tn.esprit.spring.test.DepartmentTest     : Starting DepartmentTest on DESKTOP-4ILPERP with PID 6060 (started by BAZINFO in C:\Users\BAZINFO\Desktop\devops\TimesheetProject)
2021-11-08 19:43:16.395  INFO 6060 --- [main] tn.esprit.spring.test.DepartmentTest     : No active profile set, falling back to default profiles: default
2021-11-08 19:43:20.404  INFO 6060 --- [main] .s.d.r.c.RepositoryConfigurationDelegate : Bootstrapping Spring Data repositories in DEFAULT mode.
2021-11-08 19:43:20.754  INFO 6060 --- [main] .s.d.r.c.RepositoryConfigurationDelegate : Finished Spring Data repository scanning in 318ms. Found 6 repository interfaces.
2021-11-08 19:43:22.440  INFO 6060 --- [main] trationDelegate$BeanPostProcessorChecker : Bean 'org.springframework.transaction.annotation.ProxyTransactionManagementConfiguration' of type [org.springframework.transaction.annotation.ProxyTransactionManagementConfiguration$$EnhancerBySpringCGLIB$$b1ff86f5] is not eligible for getting processed by all BeanPostProcessors (for example: not eligible for auto-proxying)
2021-11-08 19:43:23.273  INFO 6060 --- [main] com.zaxxer.hikari.HikariDataSource       : HikariPool-1 - Starting...
2021-11-08 19:43:24.046  INFO 6060 --- [main] com.zaxxer.hikari.HikariDataSource       : HikariPool-1 - Start completed.
2021-11-08 19:43:24.214  INFO 6060 --- [main] o.hibernate.jpa.internal.util.LogHelper  : HHH000204: Processing PersistenceUnitInfo [
	name: default
	...]
2021-11-08 19:43:24.481  INFO 6060 --- [main] org.hibernate.Version                    : HHH000412: Hibernate Core {5.3.9.Final}
2021-11-08 19:43:24.486  INFO 6060 --- [main] org.hibernate.cfg.Environment            : HHH000206: hibernate.properties not found
2021-11-08 19:43:25.340  INFO 6060 --- [main] o.hibernate.annotations.common.Version   : HCANN000001: Hibernate Commons Annotations {5.0.4.Final}
2021-11-08 19:43:26.344  INFO 6060 --- [main] org.hibernate.dialect.Dialect            : HHH000400: Using dialect: org.hibernate.dialect.MySQL5Dialect
2021-11-08 19:43:29.525  INFO 6060 --- [main] j.LocalContainerEntityManagerFactoryBean : Initialized JPA EntityManagerFactory for persistence unit 'default'
2021-11-08 19:43:32.046  INFO 6060 --- [main] o.h.h.i.QueryTranslatorFactoryInitiator  : HHH000397: Using ASTQueryTranslatorFactory
2021-11-08 19:43:36.210  INFO 6060 --- [main] o.s.s.concurrent.ThreadPoolTaskExecutor  : Initializing ExecutorService 'applicationTaskExecutor'
2021-11-08 19:43:37.328  WARN 6060 --- [main] aWebConfiguration$JpaWebMvcConfiguration : spring.jpa.open-in-view is enabled by default. Therefore, database queries may be performed during view rendering. Explicitly configure spring.jpa.open-in-view to disable this warning
2021-11-08 19:43:39.491  INFO 6060 --- [main] tn.esprit.spring.test.DepartmentTest     : Started DepartmentTest in 24.176 seconds (JVM running for 27.358)
2021-11-08 19:43:40.315  INFO 6060 --- [main] tn.esprit.spring.test.DepartmentTest     : success 
2021-11-08 19:43:41.030  INFO 6060 --- [Thread-2] o.s.s.concurrent.ThreadPoolTaskExecutor  : Shutting down ExecutorService 'applicationTaskExecutor'
2021-11-08 19:43:41.036  INFO 6060 --- [Thread-2] j.LocalContainerEntityManagerFactoryBean : Closing JPA EntityManagerFactory for persistence unit 'default'
2021-11-08 19:43:41.057  INFO 6060 --- [Thread-2] com.zaxxer.hikari.HikariDataSource       : HikariPool-1 - Shutdown initiated...
2021-11-08 19:43:41.079  INFO 6060 --- [Thread-2] com.zaxxer.hikari.HikariDataSource       : HikariPool-1 - Shutdown completed.
2021-11-08 19:45:25.947  INFO 9424 --- [main] tn.esprit.spring.test.DepartmentTest     : Starting DepartmentTest on DESKTOP-4ILPERP with PID 9424 (started by BAZINFO in C:\Users\BAZINFO\Desktop\devops\TimesheetProject)
2021-11-08 19:45:25.956  INFO 9424 --- [main] tn.esprit.spring.test.DepartmentTest     : No active profile set, falling back to default profiles: default
2021-11-08 19:45:29.031  INFO 9424 --- [main] .s.d.r.c.RepositoryConfigurationDelegate : Bootstrapping Spring Data repositories in DEFAULT mode.
2021-11-08 19:45:29.267  INFO 9424 --- [main] .s.d.r.c.RepositoryConfigurationDelegate : Finished Spring Data repository scanning in 211ms. Found 6 repository interfaces.
2021-11-08 19:45:30.589  INFO 9424 --- [main] trationDelegate$BeanPostProcessorChecker : Bean 'org.springframework.transaction.annotation.ProxyTransactionManagementConfiguration' of type [org.springframework.transaction.annotation.ProxyTransactionManagementConfiguration$$EnhancerBySpringCGLIB$$f1fe5bc8] is not eligible for getting processed by all BeanPostProcessors (for example: not eligible for auto-proxying)
2021-11-08 19:45:31.565  INFO 9424 --- [main] com.zaxxer.hikari.HikariDataSource       : HikariPool-1 - Starting...
2021-11-08 19:45:32.359  INFO 9424 --- [main] com.zaxxer.hikari.HikariDataSource       : HikariPool-1 - Start completed.
2021-11-08 19:45:32.568  INFO 9424 --- [main] o.hibernate.jpa.internal.util.LogHelper  : HHH000204: Processing PersistenceUnitInfo [
	name: default
	...]
2021-11-08 19:45:32.852  INFO 9424 --- [main] org.hibernate.Version                    : HHH000412: Hibernate Core {5.3.9.Final}
2021-11-08 19:45:32.861  INFO 9424 --- [main] org.hibernate.cfg.Environment            : HHH000206: hibernate.properties not found
2021-11-08 19:45:33.426  INFO 9424 --- [main] o.hibernate.annotations.common.Version   : HCANN000001: Hibernate Commons Annotations {5.0.4.Final}
2021-11-08 19:45:34.425  INFO 9424 --- [main] org.hibernate.dialect.Dialect            : HHH000400: Using dialect: org.hibernate.dialect.MySQL5Dialect
2021-11-08 19:45:37.745  INFO 9424 --- [main] j.LocalContainerEntityManagerFactoryBean : Initialized JPA EntityManagerFactory for persistence unit 'default'
2021-11-08 19:45:39.182  INFO 9424 --- [main] o.h.h.i.QueryTranslatorFactoryInitiator  : HHH000397: Using ASTQueryTranslatorFactory
2021-11-08 19:45:43.823  INFO 9424 --- [main] o.s.s.concurrent.ThreadPoolTaskExecutor  : Initializing ExecutorService 'applicationTaskExecutor'
2021-11-08 19:45:45.046  WARN 9424 --- [main] aWebConfiguration$JpaWebMvcConfiguration : spring.jpa.open-in-view is enabled by default. Therefore, database queries may be performed during view rendering. Explicitly configure spring.jpa.open-in-view to disable this warning
2021-11-08 19:45:46.971  INFO 9424 --- [main] tn.esprit.spring.test.DepartmentTest     : Started DepartmentTest in 22.188 seconds (JVM running for 25.548)
2021-11-08 19:45:47.997  INFO 9424 --- [main] tn.esprit.spring.test.DepartmentTest     : success 
2021-11-08 19:45:48.940  INFO 9424 --- [Thread-2] o.s.s.concurrent.ThreadPoolTaskExecutor  : Shutting down ExecutorService 'applicationTaskExecutor'
2021-11-08 19:45:48.960  INFO 9424 --- [Thread-2] j.LocalContainerEntityManagerFactoryBean : Closing JPA EntityManagerFactory for persistence unit 'default'
2021-11-08 19:45:48.973  INFO 9424 --- [Thread-2] com.zaxxer.hikari.HikariDataSource       : HikariPool-1 - Shutdown initiated...
2021-11-08 19:45:49.012  INFO 9424 --- [Thread-2] com.zaxxer.hikari.HikariDataSource       : HikariPool-1 - Shutdown completed.
2021-11-09 01:33:48.584  INFO 11896 --- [main] tn.esprit.spring.test.DepartmentTest     : Starting DepartmentTest on DESKTOP-4ILPERP with PID 11896 (started by BAZINFO in C:\Users\BAZINFO\Desktop\final\ProjetDevOps)
2021-11-09 01:33:48.604  INFO 11896 --- [main] tn.esprit.spring.test.DepartmentTest     : No active profile set, falling back to default profiles: default
2021-11-09 01:33:53.549  INFO 11896 --- [main] .s.d.r.c.RepositoryConfigurationDelegate : Bootstrapping Spring Data repositories in DEFAULT mode.
2021-11-09 01:33:53.929  INFO 11896 --- [main] .s.d.r.c.RepositoryConfigurationDelegate : Finished Spring Data repository scanning in 346ms. Found 6 repository interfaces.
2021-11-09 01:33:55.565  INFO 11896 --- [main] trationDelegate$BeanPostProcessorChecker : Bean 'org.springframework.transaction.annotation.ProxyTransactionManagementConfiguration' of type [org.springframework.transaction.annotation.ProxyTransactionManagementConfiguration$$EnhancerBySpringCGLIB$$d295b9fe] is not eligible for getting processed by all BeanPostProcessors (for example: not eligible for auto-proxying)
2021-11-09 01:33:56.445  INFO 11896 --- [main] com.zaxxer.hikari.HikariDataSource       : HikariPool-1 - Starting...
2021-11-09 01:33:56.943  INFO 11896 --- [main] com.zaxxer.hikari.HikariDataSource       : HikariPool-1 - Start completed.
2021-11-09 01:33:57.195  INFO 11896 --- [main] o.hibernate.jpa.internal.util.LogHelper  : HHH000204: Processing PersistenceUnitInfo [
	name: default
	...]
2021-11-09 01:33:57.485  INFO 11896 --- [main] org.hibernate.Version                    : HHH000412: Hibernate Core {5.3.9.Final}
2021-11-09 01:33:57.490  INFO 11896 --- [main] org.hibernate.cfg.Environment            : HHH000206: hibernate.properties not found
2021-11-09 01:33:57.989  INFO 11896 --- [main] o.hibernate.annotations.common.Version   : HCANN000001: Hibernate Commons Annotations {5.0.4.Final}
2021-11-09 01:33:58.830  INFO 11896 --- [main] org.hibernate.dialect.Dialect            : HHH000400: Using dialect: org.hibernate.dialect.MySQL5Dialect
2021-11-09 01:34:02.194  INFO 11896 --- [main] j.LocalContainerEntityManagerFactoryBean : Initialized JPA EntityManagerFactory for persistence unit 'default'
2021-11-09 01:34:03.395  INFO 11896 --- [main] o.h.h.i.QueryTranslatorFactoryInitiator  : HHH000397: Using ASTQueryTranslatorFactory
2021-11-09 01:34:08.746  INFO 11896 --- [main] o.s.s.concurrent.ThreadPoolTaskExecutor  : Initializing ExecutorService 'applicationTaskExecutor'
2021-11-09 01:34:09.000  WARN 11896 --- [main] aWebConfiguration$JpaWebMvcConfiguration : spring.jpa.open-in-view is enabled by default. Therefore, database queries may be performed during view rendering. Explicitly configure spring.jpa.open-in-view to disable this warning
2021-11-09 01:34:10.950  INFO 11896 --- [main] tn.esprit.spring.test.DepartmentTest     : Started DepartmentTest in 23.543 seconds (JVM running for 26.703)
2021-11-09 01:34:11.834  INFO 11896 --- [main] tn.esprit.spring.test.DepartmentTest     : success 
2021-11-09 01:34:14.045  INFO 11896 --- [Thread-3] o.s.s.concurrent.ThreadPoolTaskExecutor  : Shutting down ExecutorService 'applicationTaskExecutor'
2021-11-09 01:34:14.059  INFO 11896 --- [Thread-3] j.LocalContainerEntityManagerFactoryBean : Closing JPA EntityManagerFactory for persistence unit 'default'
2021-11-09 01:34:14.067  INFO 11896 --- [Thread-3] com.zaxxer.hikari.HikariDataSource       : HikariPool-1 - Shutdown initiated...
2021-11-09 01:34:14.111  INFO 11896 --- [Thread-3] com.zaxxer.hikari.HikariDataSource       : HikariPool-1 - Shutdown completed.
