#
# There is insufficient memory for the Java Runtime Environment to continue.
# Native memory allocation (malloc) failed to allocate 205696 bytes for Chunk::new
# Possible reasons:
#   The system is out of physical RAM or swap space
#   The process is running with CompressedOops enabled, and the Java Heap may be blocking the growth of the native heap
# Possible solutions:
#   Reduce memory load on the system
#   Increase physical memory or swap space
#   Check if swap backing store is full
#   Decrease Java heap size (-Xmx/-Xms)
#   Decrease number of Java threads
#   Decrease Java thread stack sizes (-Xss)
#   Set larger code cache with -XX:ReservedCodeCacheSize=
#   JVM is running with Unscaled Compressed Oops mode in which the Java heap is
#     placed in the first 4GB address space. The Java Heap base address is the
#     maximum limit for the native heap growth. Please use -XX:HeapBaseMinAddress
#     to set the Java Heap base and to place the Java Heap above 4GB virtual address.
# This output file may be truncated or incomplete.
#
#  Out of Memory Error (allocation.cpp:389), pid=7256, tid=0x0000000000002f04
#
# JRE version: Java(TM) SE Runtime Environment (8.0_251-b08) (build 1.8.0_251-b08)
# Java VM: Java HotSpot(TM) 64-Bit Server VM (25.251-b08 mixed mode windows-amd64 compressed oops)
# Failed to write core dump. Minidumps are not enabled by default on client versions of Windows
#

---------------  T H R E A D  ---------------

Current thread (0x000000001571e000):  JavaThread "C2 CompilerThread0" daemon [_thread_in_native, id=12036, stack(0x0000000016dc0000,0x0000000016ec0000)]

Stack: [0x0000000016dc0000,0x0000000016ec0000]
[error occurred during error reporting (printing stack bounds), id 0xc0000005]

Native frames: (J=compiled Java code, j=interpreted, Vv=VM code, C=native code)


Current CompileTask:
C2:   6767 1489   !   4       java.lang.ClassLoader::loadClass (122 bytes)


---------------  P R O C E S S  ---------------

Java Threads: ( => current thread )
  0x0000000018443800 JavaThread "background-preinit" [_thread_in_native, id=16188, stack(0x0000000019600000,0x0000000019700000)]
  0x0000000017253000 JavaThread "surefire-forkedjvm-ping-30s" daemon [_thread_in_native, id=15588, stack(0x0000000017930000,0x0000000017a30000)]
  0x00000000171ce800 JavaThread "surefire-forkedjvm-command-thread" daemon [_thread_in_native, id=18316, stack(0x0000000017830000,0x0000000017930000)]
  0x00000000170e9800 JavaThread "Service Thread" daemon [_thread_blocked, id=14656, stack(0x00000000174c0000,0x00000000175c0000)]
  0x0000000015735000 JavaThread "C1 CompilerThread2" daemon [_thread_blocked, id=9740, stack(0x0000000016fc0000,0x00000000170c0000)]
  0x0000000015723000 JavaThread "C2 CompilerThread1" daemon [_thread_blocked, id=1188, stack(0x0000000016ec0000,0x0000000016fc0000)]
=>0x000000001571e000 JavaThread "C2 CompilerThread0" daemon [_thread_in_native, id=12036, stack(0x0000000016dc0000,0x0000000016ec0000)]
  0x000000001571d000 JavaThread "Attach Listener" daemon [_thread_blocked, id=17980, stack(0x0000000016cc0000,0x0000000016dc0000)]
  0x000000001571b800 JavaThread "Signal Dispatcher" daemon [_thread_blocked, id=9412, stack(0x0000000016bc0000,0x0000000016cc0000)]
  0x00000000030c5800 JavaThread "Finalizer" daemon [_thread_blocked, id=8148, stack(0x0000000016990000,0x0000000016a90000)]
  0x00000000030c2000 JavaThread "Reference Handler" daemon [_thread_blocked, id=8368, stack(0x0000000016890000,0x0000000016990000)]
  0x0000000002fd2800 JavaThread "main" [_thread_in_native, id=15056, stack(0x0000000002dd0000,0x0000000002ed0000)]

Other Threads:
  0x00000000156e7800 VMThread [stack: 0x0000000016790000,0x0000000016890000] [id=11504]
  0x00000000170eb000 WatcherThread [stack: 0x0000000017730000,0x0000000017830000] [id=11092]

VM state:not at safepoint (normal execution)

VM Mutex/Monitor currently owned by a thread: None

heap address: 0x00000000c0e00000, size: 1010 MB, Compressed Oops mode: 32-bit
Narrow klass base: 0x0000000000000000, Narrow klass shift: 3
Compressed class space size: 1073741824 Address: 0x0000000100000000

Heap:
 PSYoungGen      total 35328K, used 35297K [0x00000000eaf80000, 0x00000000efa80000, 0x0000000100000000)
  eden space 32768K, 100% used [0x00000000eaf80000,0x00000000ecf80000,0x00000000ecf80000)
  from space 2560K, 98% used [0x00000000ecf80000,0x00000000ed1f8530,0x00000000ed200000)
  to   space 5632K, 0% used [0x00000000ef500000,0x00000000ef500000,0x00000000efa80000)
 ParOldGen       total 44032K, used 7192K [0x00000000c0e00000, 0x00000000c3900000, 0x00000000eaf80000)
  object space 44032K, 16% used [0x00000000c0e00000,0x00000000c1506220,0x00000000c3900000)
 Metaspace       used 19281K, capacity 19862K, committed 20224K, reserved 1067008K
  class space    used 2541K, capacity 2705K, committed 2816K, reserved 1048576K

Card table byte_map: [0x0000000012490000,0x0000000012690000] byte_map_base: 0x0000000011e89000

Marking Bits: (ParMarkBitMap*) 0x000000006417af90
 Begin Bits: [0x0000000012bf0000, 0x0000000013bb8000)
 End Bits:   [0x0000000013bb8000, 0x0000000014b80000)

Polling page: 0x00000000014b0000

CodeCache: size=245760Kb used=4920Kb max_used=4928Kb free=240839Kb
 bounds [0x00000000030d0000, 0x00000000035b0000, 0x00000000120d0000]
 total_blobs=1841 nmethods=1465 adapters=288
 compilation: enabled

Compilation events (10 events):
Event: 6.661 Thread 0x0000000015735000 1485       3       java.util.stream.AbstractPipeline::evaluate (94 bytes)
Event: 6.661 Thread 0x0000000015735000 nmethod 1485 0x000000000359c9d0 code [0x000000000359cbc0, 0x000000000359d2c8]
Event: 6.668 Thread 0x0000000015723000 nmethod 1472 0x00000000035a0d50 code [0x00000000035a0f20, 0x00000000035a1b20]
Event: 6.681 Thread 0x0000000015735000 1486       3       java.lang.System::checkKey (34 bytes)
Event: 6.682 Thread 0x0000000015735000 nmethod 1486 0x00000000035a0410 code [0x00000000035a05a0, 0x00000000035a0988]
Event: 6.682 Thread 0x0000000015735000 1487       3       java.util.Properties::getProperty (46 bytes)
Event: 6.682 Thread 0x0000000015735000 nmethod 1487 0x000000000359fc50 code [0x000000000359fde0, 0x00000000035a02f8]
Event: 6.738 Thread 0x000000001571e000 1489   !   4       java.lang.ClassLoader::loadClass (122 bytes)
Event: 6.761 Thread 0x0000000015735000 1490       1       java.lang.invoke.InnerClassLambdaMetafactory::access$200 (5 bytes)
Event: 6.761 Thread 0x0000000015735000 nmethod 1490 0x000000000359f5d0 code [0x000000000359f720, 0x000000000359f810]

GC Heap History (10 events):
Event: 2.118 GC heap before
{Heap before GC invocations=1 (full 0):
 PSYoungGen      total 18944K, used 16384K [0x00000000eaf80000, 0x00000000ec480000, 0x0000000100000000)
  eden space 16384K, 100% used [0x00000000eaf80000,0x00000000ebf80000,0x00000000ebf80000)
  from space 2560K, 0% used [0x00000000ec200000,0x00000000ec200000,0x00000000ec480000)
  to   space 2560K, 0% used [0x00000000ebf80000,0x00000000ebf80000,0x00000000ec200000)
 ParOldGen       total 44032K, used 0K [0x00000000c0e00000, 0x00000000c3900000, 0x00000000eaf80000)
  object space 44032K, 0% used [0x00000000c0e00000,0x00000000c0e00000,0x00000000c3900000)
 Metaspace       used 7657K, capacity 7838K, committed 7936K, reserved 1056768K
  class space    used 871K, capacity 952K, committed 1024K, reserved 1048576K
Event: 2.131 GC heap after
Heap after GC invocations=1 (full 0):
 PSYoungGen      total 18944K, used 2546K [0x00000000eaf80000, 0x00000000ec480000, 0x0000000100000000)
  eden space 16384K, 0% used [0x00000000eaf80000,0x00000000eaf80000,0x00000000ebf80000)
  from space 2560K, 99% used [0x00000000ebf80000,0x00000000ec1fc930,0x00000000ec200000)
  to   space 2560K, 0% used [0x00000000ec200000,0x00000000ec200000,0x00000000ec480000)
 ParOldGen       total 44032K, used 770K [0x00000000c0e00000, 0x00000000c3900000, 0x00000000eaf80000)
  object space 44032K, 1% used [0x00000000c0e00000,0x00000000c0ec0978,0x00000000c3900000)
 Metaspace       used 7657K, capacity 7838K, committed 7936K, reserved 1056768K
  class space    used 871K, capacity 952K, committed 1024K, reserved 1048576K
}
Event: 2.994 GC heap before
{Heap before GC invocations=2 (full 0):
 PSYoungGen      total 18944K, used 18930K [0x00000000eaf80000, 0x00000000ec480000, 0x0000000100000000)
  eden space 16384K, 100% used [0x00000000eaf80000,0x00000000ebf80000,0x00000000ebf80000)
  from space 2560K, 99% used [0x00000000ebf80000,0x00000000ec1fc930,0x00000000ec200000)
  to   space 2560K, 0% used [0x00000000ec200000,0x00000000ec200000,0x00000000ec480000)
 ParOldGen       total 44032K, used 770K [0x00000000c0e00000, 0x00000000c3900000, 0x00000000eaf80000)
  object space 44032K, 1% used [0x00000000c0e00000,0x00000000c0ec0978,0x00000000c3900000)
 Metaspace       used 9719K, capacity 9950K, committed 10240K, reserved 1058816K
  class space    used 1131K, capacity 1208K, committed 1280K, reserved 1048576K
Event: 3.022 GC heap after
Heap after GC invocations=2 (full 0):
 PSYoungGen      total 18944K, used 2557K [0x00000000eaf80000, 0x00000000ed480000, 0x0000000100000000)
  eden space 16384K, 0% used [0x00000000eaf80000,0x00000000eaf80000,0x00000000ebf80000)
  from space 2560K, 99% used [0x00000000ec200000,0x00000000ec47f440,0x00000000ec480000)
  to   space 2560K, 0% used [0x00000000ebf80000,0x00000000ebf80000,0x00000000ec200000)
 ParOldGen       total 44032K, used 1662K [0x00000000c0e00000, 0x00000000c3900000, 0x00000000eaf80000)
  object space 44032K, 3% used [0x00000000c0e00000,0x00000000c0f9fb40,0x00000000c3900000)
 Metaspace       used 9719K, capacity 9950K, committed 10240K, reserved 1058816K
  class space    used 1131K, capacity 1208K, committed 1280K, reserved 1048576K
}
Event: 3.699 GC heap before
{Heap before GC invocations=3 (full 0):
 PSYoungGen      total 18944K, used 18941K [0x00000000eaf80000, 0x00000000ed480000, 0x0000000100000000)
  eden space 16384K, 100% used [0x00000000eaf80000,0x00000000ebf80000,0x00000000ebf80000)
  from space 2560K, 99% used [0x00000000ec200000,0x00000000ec47f440,0x00000000ec480000)
  to   space 2560K, 0% used [0x00000000ebf80000,0x00000000ebf80000,0x00000000ec200000)
 ParOldGen       total 44032K, used 1662K [0x00000000c0e00000, 0x00000000c3900000, 0x00000000eaf80000)
  object space 44032K, 3% used [0x00000000c0e00000,0x00000000c0f9fb40,0x00000000c3900000)
 Metaspace       used 11649K, capacity 12014K, committed 12288K, reserved 1060864K
  class space    used 1372K, capacity 1484K, committed 1536K, reserved 1048576K
Event: 3.738 GC heap after
Heap after GC invocations=3 (full 0):
 PSYoungGen      total 18944K, used 2547K [0x00000000eaf80000, 0x00000000ed480000, 0x0000000100000000)
  eden space 16384K, 0% used [0x00000000eaf80000,0x00000000eaf80000,0x00000000ebf80000)
  from space 2560K, 99% used [0x00000000ebf80000,0x00000000ec1fcc80,0x00000000ec200000)
  to   space 2560K, 0% used [0x00000000ed200000,0x00000000ed200000,0x00000000ed480000)
 ParOldGen       total 44032K, used 2868K [0x00000000c0e00000, 0x00000000c3900000, 0x00000000eaf80000)
  object space 44032K, 6% used [0x00000000c0e00000,0x00000000c10cd228,0x00000000c3900000)
 Metaspace       used 11649K, capacity 12014K, committed 12288K, reserved 1060864K
  class space    used 1372K, capacity 1484K, committed 1536K, reserved 1048576K
}
Event: 4.823 GC heap before
{Heap before GC invocations=4 (full 0):
 PSYoungGen      total 18944K, used 18931K [0x00000000eaf80000, 0x00000000ed480000, 0x0000000100000000)
  eden space 16384K, 100% used [0x00000000eaf80000,0x00000000ebf80000,0x00000000ebf80000)
  from space 2560K, 99% used [0x00000000ebf80000,0x00000000ec1fcc80,0x00000000ec200000)
  to   space 2560K, 0% used [0x00000000ed200000,0x00000000ed200000,0x00000000ed480000)
 ParOldGen       total 44032K, used 2868K [0x00000000c0e00000, 0x00000000c3900000, 0x00000000eaf80000)
  object space 44032K, 6% used [0x00000000c0e00000,0x00000000c10cd228,0x00000000c3900000)
 Metaspace       used 13457K, capacity 13784K, committed 14080K, reserved 1060864K
  class space    used 1643K, capacity 1753K, committed 1792K, reserved 1048576K
Event: 4.833 GC heap after
Heap after GC invocations=4 (full 0):
 PSYoungGen      total 35328K, used 2545K [0x00000000eaf80000, 0x00000000ed480000, 0x0000000100000000)
  eden space 32768K, 0% used [0x00000000eaf80000,0x00000000eaf80000,0x00000000ecf80000)
  from space 2560K, 99% used [0x00000000ed200000,0x00000000ed47c540,0x00000000ed480000)
  to   space 2560K, 0% used [0x00000000ecf80000,0x00000000ecf80000,0x00000000ed200000)
 ParOldGen       total 44032K, used 4364K [0x00000000c0e00000, 0x00000000c3900000, 0x00000000eaf80000)
  object space 44032K, 9% used [0x00000000c0e00000,0x00000000c12431f8,0x00000000c3900000)
 Metaspace       used 13457K, capacity 13784K, committed 14080K, reserved 1060864K
  class space    used 1643K, capacity 1753K, committed 1792K, reserved 1048576K
}
Event: 5.830 GC heap before
{Heap before GC invocations=5 (full 0):
 PSYoungGen      total 35328K, used 35313K [0x00000000eaf80000, 0x00000000ed480000, 0x0000000100000000)
  eden space 32768K, 100% used [0x00000000eaf80000,0x00000000ecf80000,0x00000000ecf80000)
  from space 2560K, 99% used [0x00000000ed200000,0x00000000ed47c540,0x00000000ed480000)
  to   space 2560K, 0% used [0x00000000ecf80000,0x00000000ecf80000,0x00000000ed200000)
 ParOldGen       total 44032K, used 4364K [0x00000000c0e00000, 0x00000000c3900000, 0x00000000eaf80000)
  object space 44032K, 9% used [0x00000000c0e00000,0x00000000c12431f8,0x00000000c3900000)
 Metaspace       used 16231K, capacity 16750K, committed 16896K, reserved 1064960K
  class space    used 2110K, capacity 2249K, committed 2304K, reserved 1048576K
Event: 5.861 GC heap after
Heap after GC invocations=5 (full 0):
 PSYoungGen      total 35328K, used 2529K [0x00000000eaf80000, 0x00000000efa80000, 0x0000000100000000)
  eden space 32768K, 0% used [0x00000000eaf80000,0x00000000eaf80000,0x00000000ecf80000)
  from space 2560K, 98% used [0x00000000ecf80000,0x00000000ed1f8530,0x00000000ed200000)
  to   space 5632K, 0% used [0x00000000ef500000,0x00000000ef500000,0x00000000efa80000)
 ParOldGen       total 44032K, used 7192K [0x00000000c0e00000, 0x00000000c3900000, 0x00000000eaf80000)
  object space 44032K, 16% used [0x00000000c0e00000,0x00000000c1506220,0x00000000c3900000)
 Metaspace       used 16231K, capacity 16750K, committed 16896K, reserved 1064960K
  class space    used 2110K, capacity 2249K, committed 2304K, reserved 1048576K
}

Deoptimization events (10 events):
Event: 2.928 Thread 0x0000000002fd2800 Uncommon trap: reason=unstable_if action=reinterpret pc=0x00000000033a25c8 method=java.io.WinNTFileSystem.normalize(Ljava/lang/String;)Ljava/lang/String; @ 128
Event: 2.929 Thread 0x0000000002fd2800 Uncommon trap: reason=unstable_if action=reinterpret pc=0x00000000033cbc94 method=java.lang.String.indexOf([CII[CIII)I @ 3
Event: 3.068 Thread 0x0000000002fd2800 Uncommon trap: reason=unstable_if action=reinterpret pc=0x00000000032d1d30 method=java.lang.String.indexOf([CII[CIII)I @ 3
Event: 3.142 Thread 0x0000000002fd2800 Uncommon trap: reason=unstable_if action=reinterpret pc=0x000000000342dff4 method=java.util.HashMap.putVal(ILjava/lang/Object;Ljava/lang/Object;ZZ)Ljava/lang/Object; @ 81
Event: 3.178 Thread 0x0000000002fd2800 Uncommon trap: reason=unstable_if action=reinterpret pc=0x00000000033ce800 method=java.util.Properties$LineReader.readLine()I @ 105
Event: 3.268 Thread 0x0000000002fd2800 Uncommon trap: reason=range_check action=make_not_entrant pc=0x0000000003386360 method=sun.reflect.generics.parser.SignatureParser.current()C @ 34
Event: 5.194 Thread 0x0000000018443800 Uncommon trap: reason=unstable_if action=reinterpret pc=0x00000000034d537c method=java.util.concurrent.ConcurrentHashMap.addCount(JI)V @ 168
Event: 5.813 Thread 0x0000000002fd2800 Uncommon trap: reason=unstable_if action=reinterpret pc=0x00000000034c5f94 method=java.net.URL.<init>(Ljava/net/URL;Ljava/lang/String;Ljava/net/URLStreamHandler;)V @ 347
Event: 6.244 Thread 0x0000000002fd2800 Uncommon trap: reason=null_assert action=make_not_entrant pc=0x00000000033d9b44 method=java.util.zip.ZipEntry.<init>(Ljava/util/zip/ZipEntry;)V @ 70
Event: 6.314 Thread 0x0000000002fd2800 Uncommon trap: reason=unstable_if action=reinterpret pc=0x000000000337b120 method=java.util.HashMap.hash(Ljava/lang/Object;)I @ 1

Classes redefined (0 events):
No events

Internal exceptions (10 events):
Event: 2.094 Thread 0x0000000002fd2800 Exception <a 'java/lang/NoSuchFieldError': method resolution failed> (0x00000000ebf32fc8) thrown at [C:\jenkins\workspace\8-2-build-windows-amd64-cygwin\jdk8u251\737\hotspot\src\share\vm\prims\methodHandles.cpp, line 1167]
Event: 2.314 Thread 0x0000000002fd2800 Exception <a 'java/lang/NoSuchMethodError': org.slf4j.impl.StaticMDCBinder.getSingleton()Lorg/slf4j/impl/StaticMDCBinder;> (0x00000000eb303ee8) thrown at [C:\jenkins\workspace\8-2-build-windows-amd64-cygwin\jdk8u251\737\hotspot\src\share\vm\interpreter\li
Event: 2.932 Thread 0x0000000002fd2800 Exception <a 'java/lang/NoSuchMethodError': java.lang.Object.lambda$comparing$77a9974f$1(Ljava/util/function/Function;Ljava/lang/Object;Ljava/lang/Object;)I> (0x00000000ebedb630) thrown at [C:\jenkins\workspace\8-2-build-windows-amd64-cygwin\jdk8u251\737\
Event: 3.178 Thread 0x0000000002fd2800 Implicit null exception at 0x00000000033cdfc3 to 0x00000000033ce7cd
Event: 3.224 Thread 0x0000000002fd2800 Exception <a 'java/lang/NoSuchMethodError': java.lang.Object.lambda$static$0(Ljava/lang/Object;)Ljava/lang/Object;> (0x00000000eb5611a8) thrown at [C:\jenkins\workspace\8-2-build-windows-amd64-cygwin\jdk8u251\737\hotspot\src\share\vm\interpreter\linkResol
Event: 3.268 Thread 0x0000000002fd2800 Exception <a 'java/lang/ArrayIndexOutOfBoundsException': 18> (0x00000000eb68a040) thrown at [C:\jenkins\workspace\8-2-build-windows-amd64-cygwin\jdk8u251\737\hotspot\src\share\vm\interpreter\interpreterRuntime.cpp, line 368]
Event: 3.269 Thread 0x0000000002fd2800 Exception <a 'java/lang/ArrayIndexOutOfBoundsException': 182> (0x00000000eb68bd60) thrown at [C:\jenkins\workspace\8-2-build-windows-amd64-cygwin\jdk8u251\737\hotspot\src\share\vm\interpreter\interpreterRuntime.cpp, line 368]
Event: 5.110 Thread 0x0000000002fd2800 Exception <a 'java/lang/NoSuchMethodError': java.lang.Object.lambda$chars$0()Ljava/util/Spliterator$OfInt;> (0x00000000eb9225a0) thrown at [C:\jenkins\workspace\8-2-build-windows-amd64-cygwin\jdk8u251\737\hotspot\src\share\vm\interpreter\linkResolver.cpp,
Event: 6.213 Thread 0x0000000002fd2800 Exception <a 'java/io/FileNotFoundException'> (0x00000000ebc3a4a0) thrown at [C:\jenkins\workspace\8-2-build-windows-amd64-cygwin\jdk8u251\737\hotspot\src\share\vm\prims\jni.cpp, line 710]
Event: 6.314 Thread 0x0000000002fd2800 Implicit null exception at 0x000000000337af15 to 0x000000000337b111

Events (10 events):
Event: 6.757 loading class org/springframework/beans/factory/InitializingBean
Event: 6.757 loading class org/springframework/beans/factory/InitializingBean done
Event: 6.758 loading class org/springframework/beans/factory/support/DisposableBeanAdapter
Event: 6.758 loading class org/springframework/beans/factory/support/DisposableBeanAdapter done
Event: 6.761 loading class com/fasterxml/jackson/databind/Module
Event: 6.761 loading class com/fasterxml/jackson/databind/Module done
Event: 6.762 loading class org/springframework/beans/PropertyAccessorUtils
Event: 6.762 loading class org/springframework/beans/PropertyAccessorUtils done
Event: 6.764 loading class org/springframework/beans/CachedIntrospectionResults
Event: 6.764 loading class org/springframework/beans/CachedIntrospectionResults done


Dynamic libraries:
0x00007ff7317c0000 - 0x00007ff7317f7000 	C:\Program Files\Java\jdk1.8.0_251\jre\bin\java.exe
0x00007ffb81750000 - 0x00007ffb81945000 	C:\WINDOWS\SYSTEM32\ntdll.dll
0x00007ffb804a0000 - 0x00007ffb8055e000 	C:\WINDOWS\System32\KERNEL32.DLL
0x00007ffb7ef30000 - 0x00007ffb7f1f9000 	C:\WINDOWS\System32\KERNELBASE.dll
0x00007ffb80d60000 - 0x00007ffb80e0c000 	C:\WINDOWS\System32\ADVAPI32.dll
0x00007ffb805d0000 - 0x00007ffb8066e000 	C:\WINDOWS\System32\msvcrt.dll
0x00007ffb80280000 - 0x00007ffb8031b000 	C:\WINDOWS\System32\sechost.dll
0x00007ffb7f7a0000 - 0x00007ffb7f8ca000 	C:\WINDOWS\System32\RPCRT4.dll
0x00007ffb81560000 - 0x00007ffb81701000 	C:\WINDOWS\System32\USER32.dll
0x00007ffb7f250000 - 0x00007ffb7f272000 	C:\WINDOWS\System32\win32u.dll
0x00007ffb809d0000 - 0x00007ffb809fb000 	C:\WINDOWS\System32\GDI32.dll
0x00007ffb7f5e0000 - 0x00007ffb7f6eb000 	C:\WINDOWS\System32\gdi32full.dll
0x00007ffb7f540000 - 0x00007ffb7f5dd000 	C:\WINDOWS\System32\msvcp_win.dll
0x00007ffb7f3e0000 - 0x00007ffb7f4e0000 	C:\WINDOWS\System32\ucrtbase.dll
0x00007ffb70150000 - 0x00007ffb703ea000 	C:\WINDOWS\WinSxS\amd64_microsoft.windows.common-controls_6595b64144ccf1df_6.0.19041.1110_none_60b5254171f9507e\COMCTL32.dll
0x00007ffb7f930000 - 0x00007ffb7f960000 	C:\WINDOWS\System32\IMM32.DLL
0x0000000064200000 - 0x00000000642d2000 	C:\Program Files\Java\jdk1.8.0_251\jre\bin\msvcr100.dll
0x0000000063950000 - 0x00000000641fb000 	C:\Program Files\Java\jdk1.8.0_251\jre\bin\server\jvm.dll
0x00007ffb80270000 - 0x00007ffb80278000 	C:\WINDOWS\System32\PSAPI.DLL
0x00007ffb65100000 - 0x00007ffb65109000 	C:\WINDOWS\SYSTEM32\WSOCK32.dll
0x00007ffb7ff70000 - 0x00007ffb7ffdb000 	C:\WINDOWS\System32\WS2_32.dll
0x00007ffb72280000 - 0x00007ffb722a7000 	C:\WINDOWS\SYSTEM32\WINMM.dll
0x00007ffb723b0000 - 0x00007ffb723ba000 	C:\WINDOWS\SYSTEM32\VERSION.dll
0x00007ffb65070000 - 0x00007ffb6507f000 	C:\Program Files\Java\jdk1.8.0_251\jre\bin\verify.dll
0x00007ffb65040000 - 0x00007ffb65069000 	C:\Program Files\Java\jdk1.8.0_251\jre\bin\java.dll
0x00007ffb65020000 - 0x00007ffb65036000 	C:\Program Files\Java\jdk1.8.0_251\jre\bin\zip.dll
0x00007ffb80e10000 - 0x00007ffb8154f000 	C:\WINDOWS\System32\SHELL32.dll
0x00007ffb7cf30000 - 0x00007ffb7d6c0000 	C:\WINDOWS\SYSTEM32\windows.storage.dll
0x00007ffb80a00000 - 0x00007ffb80d55000 	C:\WINDOWS\System32\combase.dll
0x00007ffb7e7e0000 - 0x00007ffb7e80c000 	C:\WINDOWS\SYSTEM32\Wldp.dll
0x00007ffb803f0000 - 0x00007ffb8049d000 	C:\WINDOWS\System32\SHCORE.dll
0x00007ffb80740000 - 0x00007ffb80795000 	C:\WINDOWS\System32\shlwapi.dll
0x00007ffb7edb0000 - 0x00007ffb7edcf000 	C:\WINDOWS\SYSTEM32\profapi.dll
0x00007ffb634d0000 - 0x00007ffb634dd000 	C:\Program Files\Java\jdk1.8.0_251\jre\bin\management.dll
0x00007ffb63690000 - 0x00007ffb636aa000 	C:\Program Files\Java\jdk1.8.0_251\jre\bin\net.dll
0x00007ffb7e5c0000 - 0x00007ffb7e62a000 	C:\WINDOWS\system32\mswsock.dll
0x00007ffb634a0000 - 0x00007ffb634b2000 	C:\Program Files\Java\jdk1.8.0_251\jre\bin\nio.dll
0x00007ffb4e2b0000 - 0x00007ffb4e2c7000 	C:\WINDOWS\system32\napinsp.dll
0x00007ffb4e290000 - 0x00007ffb4e2ab000 	C:\WINDOWS\system32\pnrpnsp.dll
0x00007ffb5b630000 - 0x00007ffb5b645000 	C:\WINDOWS\system32\wshbth.dll
0x00007ffb79740000 - 0x00007ffb7975d000 	C:\WINDOWS\system32\NLAapi.dll
0x00007ffb7e280000 - 0x00007ffb7e2bb000 	C:\WINDOWS\SYSTEM32\IPHLPAPI.DLL
0x00007ffb7e2c0000 - 0x00007ffb7e38c000 	C:\WINDOWS\SYSTEM32\DNSAPI.dll
0x00007ffb81550000 - 0x00007ffb81558000 	C:\WINDOWS\System32\NSI.dll
0x00007ffb4ae70000 - 0x00007ffb4ae82000 	C:\WINDOWS\System32\winrnr.dll
0x00007ffb6f360000 - 0x00007ffb6f36a000 	C:\Windows\System32\rasadhlp.dll
0x00007ffb6f720000 - 0x00007ffb6f79f000 	C:\WINDOWS\System32\fwpuclnt.dll
0x00007ffb7ef00000 - 0x00007ffb7ef27000 	C:\WINDOWS\System32\bcrypt.dll

VM Arguments:
java_command: C:\Users\BAZINFO\AppData\Local\Temp\surefire7204140979363914151\surefirebooter1282727143781718546.jar C:\Users\BAZINFO\AppData\Local\Temp\surefire7204140979363914151 2021-11-09T01-54-45_520-jvmRun1 surefire1794858811456107190tmp surefire_02182340317529430931tmp
java_class_path (initial): C:\Users\BAZINFO\AppData\Local\Temp\surefire7204140979363914151\surefirebooter1282727143781718546.jar
Launcher Type: SUN_STANDARD

Environment Variables:
JAVA_HOME=C:\Program Files\Java\jdk1.8.0_251
PATH=C:/Program Files/Java/jre1.8.0_251/bin/server;C:/Program Files/Java/jre1.8.0_251/bin;C:/Program Files/Java/jre1.8.0_251/lib/amd64;C:\Program Files\Common Files\Oracle\Java\javapath;C:\Program Files (x86)\Common Files\Oracle\Java\javapath;C:\WINDOWS\system32;C:\WINDOWS;C:\WINDOWS\System32\Wbem;C:\WINDOWS\System32\WindowsPowerShell\v1.0\;C:\WINDOWS\System32\OpenSSH\;C:\Program Files\Git\cmd;C:\Program Files (x86)\Microsoft SQL Server\110\DTS\Binn\;C:\Program Files (x86)\Microsoft SQL Server\110\Tools\Binn\;C:\Program Files (x86)\Microsoft SQL Server\110\Tools\Binn\ManagementStudio\;C:\Program Files (x86)\Microsoft Visual Studio 10.0\Common7\IDE\PrivateAssemblies\;%JAVA_HOME%\bin;%MAVEN_HOME%\bin;C:\ProgramData\ComposerSetup\bin;C:\ProgramData\Microsoft\Windows\Start Menu\Programs\XAMPP;C:\Program Files\JetBrains\PhpStorm 2021.2.2;C:\wamp64\bin\php\php7.4.9;C:\Users\BAZINFO\Desktop\devops\apache-maven-3.8.1\bin;C:\Products\sonarqube-6.7.7\bin;C:\Program Files\Docker\Docker\resources\bin;C:\ProgramData\DockerDesktop\version-bin;C:\Users\BAZINFO\AppData\Local\Microsoft\WindowsApps;C:\Users\BAZINFO\AppData\Local\Programs\Microsoft VS Code\bin;C:\Users\BAZINFO\AppData\Roaming\Composer\vendor\bin;C:\Users\BAZINFO\AppData\Local\GitHubDesktop\bin;C:\Users\BAZINFO\Desktop\devops\outils installation spring\sts-bundle\sts-3.8.4.RELEASE;
USERNAME=BAZINFO
OS=Windows_NT
PROCESSOR_IDENTIFIER=Intel64 Family 6 Model 69 Stepping 1, GenuineIntel



---------------  S Y S T E M  ---------------

OS: Windows 10.0 , 64 bit Build 19041 (10.0.19041.1202)

CPU:total 4 (initial active 4) (2 cores per cpu, 2 threads per core) family 6 model 69 stepping 1, cmov, cx8, fxsr, mmx, sse, sse2, sse3, ssse3, sse4.1, sse4.2, popcnt, avx, avx2, aes, clmul, erms, lzcnt, ht, tsc, tscinvbit, bmi1, bmi2

Memory: 4k page, physical 4129068k(215464k free), swap 16711980k(4732k free)

vm_info: Java HotSpot(TM) 64-Bit Server VM (25.251-b08) for windows-amd64 JRE (1.8.0_251-b08), built on Mar 12 2020 06:31:49 by "" with MS VC++ 10.0 (VS2010)

time: Tue Nov 09 01:54:54 2021
timezone: Paris, Madrid
elapsed time: 6 seconds (0d 0h 0m 6s)

